=== SLURM JOB SUMMARY ===
Job ID:        152940
Job Name:      runsh_cpu_full
Partition:     longer_mdbf
Node(s):       cn21
Exclusive:     yes
Mem request:   all-node (--mem=0)

=== SLURM NODE DETAIL (scheduler view) ===
NodeName=cn21
CoresPerSocket=16
CPUTot=32
RealMemory=232098
Sockets=2
ThreadsPerCore=1

=== OS VIEW (on allocated node) ===
Architecture:        x86_64
CPU op-mode(s):      32-bit, 64-bit
Byte Order:          Little Endian
CPU(s):              32
On-line CPU(s) list: 0-31
Thread(s) per core:  1
Core(s) per socket:  16
Socket(s):           2
NUMA node(s):        2
Vendor ID:           GenuineIntel
CPU family:          6
Model:               85
Model name:          Intel(R) Xeon(R) Gold 6130 CPU @ 2.10GHz
Stepping:            4
CPU MHz:             2100.000
BogoMIPS:            4200.00
L1d cache:           32K
L1i cache:           32K
L2 cache:            1024K
L3 cache:            22528K
NUMA node0 CPU(s):   0-15
NUMA node1 CPU(s):   16-31
Flags:               fpu vme de pse tsc msr pae mce cx8 apic sep mtrr pge mca cmov pat pse36 clflush dts acpi mmx fxsr sse sse2 ss ht tm pbe syscall nx pdpe1gb rdtscp lm constant_tsc art arch_perfmon pebs bts rep_good nopl xtopology nonstop_tsc cpuid aperfmperf pni pclmulqdq dtes64 monitor ds_cpl smx est tm2 ssse3 sdbg fma cx16 xtpr pdcm pcid dca sse4_1 sse4_2 x2apic movbe popcnt tsc_deadline_timer aes xsave avx f16c rdrand lahf_lm abm 3dnowprefetch cpuid_fault epb cat_l3 cdp_l3 invpcid_single pti intel_ppin ssbd mba ibrs ibpb stibp fsgsbase tsc_adjust bmi1 hle avx2 smep bmi2 erms invpcid rtm cqm mpx rdt_a avx512f avx512dq rdseed adx smap clflushopt clwb intel_pt avx512cd avx512bw avx512vl xsaveopt xsavec xgetbv1 xsaves cqm_llc cqm_occup_llc cqm_mbm_total cqm_mbm_local dtherm ida arat pln pts pku ospke md_clear flush_l1d arch_capabilities

              total        used        free      shared  buff/cache   available
Mem:          251Gi       1.4Gi       238Gi        11Gi        11Gi       237Gi
Swap:            0B          0B          0B

available: 2 nodes (0-1)
node 0 cpus: 0 1 2 3 4 5 6 7 8 9 10 11 12 13 14 15
node 0 size: 128605 MB
node 0 free: 119438 MB
node 1 cpus: 16 17 18 19 20 21 22 23 24 25 26 27 28 29 30 31
node 1 size: 128975 MB
node 1 free: 125039 MB
node distances:
node   0   1 
  0:  10  21 
  1:  21  10 

[INFO] SLURM job 152940 starting on cn21 at Sun Nov 30 09:43:09 +03 2025
[INFO] Launching run.sh with index 7 using 31 CPU threads
[INFO] Project root: /cta/users/erhun.kundakcioglu/TVCommercialScheduling
[INFO] Command index: 7
[INFO] Command file: commands/run_commands_7.txt
[INFO] Base Python: /cta/capps/python/3.11.7/gcc/13.2.0/drtq5ks/bin/python3
[INFO] Virtualenv directory: /tmp/venv_erhun.kundakcioglu_152940_7
[INFO] Creating virtualenv...
[INFO] Using Python from venv: /tmp/venv_erhun.kundakcioglu_152940_7/bin/python
[INFO] Installing dependencies from requirements.txt...
Collecting PyYAML==6.0.3 (from -r /cta/users/erhun.kundakcioglu/TVCommercialScheduling/requirements.txt (line 1))
  Using cached pyyaml-6.0.3-cp311-cp311-manylinux2014_x86_64.manylinux_2_17_x86_64.manylinux_2_28_x86_64.whl.metadata (2.4 kB)
Using cached pyyaml-6.0.3-cp311-cp311-manylinux2014_x86_64.manylinux_2_17_x86_64.manylinux_2_28_x86_64.whl (806 kB)
Installing collected packages: PyYAML
Successfully installed PyYAML-6.0.3
[INFO] Running: python run.py "commands/run_commands_7.txt"
Starting execution of 33 commands...

[1/33] Starting command 1...
Executing: ./gradlew runMipSolver -PinstancePath="instances/density=HIGH_nInventory=15_nHours=4_seed=4.json" -PoutputPath="November2/discrete" -PmodelType="Discrete" -PcheckPointTimes="30,60,120,300,600,900,1800,3600,7200" -PlogPath="November2/discrete/density=HIGH_nInventory=15_nHours=4_seed=4.json/mip.log"
Command failed with return code: 1
Error: 
FAILURE: Build failed with an exception.

* What went wrong:
Execution failed for task ':runMipSolver'.
> Process 'command '/cta/users/erhun.kundakcioglu/jdk-21.0.3+9/bin/java'' finished with non-zero exit value 1

* Try:
> Run with --stacktrace option to get the stack trace.
> Run with --info or --debug option to get more log output.
> Run with --scan to get full insights.
> Get more help at https://help.gradle.org.

BUİLD FAILED in 1h 17s

Starting a Gradle Daemon, 5 busy and 2 incompatible and 1 stopped Daemons could not be reused, use --status for details
> Task :compileJava UP-TO-DATE
> Task :processResources NO-SOURCE
> Task :classes UP-TO-DATE

> Task :runMipSolver
Running MIP Solver with arguments: --instancePath=instances/density=HIGH_nInventory=15_nHours=4_seed=4.json --outputPath=November2/discrete --modelType=Discrete --checkPointTimes=30,60,120,300,600,900,1800,3600,7200 --logPath=November2/discrete/density=HIGH_nInventory=15_nHours=4_seed=4.json/mip.log
Loading problem instance...
Set parameter WLSAccessID
Set parameter WLSSecret
Set parameter LicenseID to value 2736771
Academic license 2736771 - for non-commercial use only - registered to er___@sabanciuniv.edu
Warning: Gurobi version mismatch between Java 12.0.0 and C library 12.0.3
Set parameter SoftMemLimit to value 120
Set parameter TimeLimit to value 30
Gurobi Optimizer version 12.0.3 build v12.0.3rc0 (linux64)

CPU model: Intel(R) Xeon(R) Gold 6130 CPU @ 2.10GHz, instruction set [SSE2|AVX|AVX2|AVX512]
Thread count: 32 physical cores, 32 logical processors, using up to 32 threads

Non-default parameters:
TimeLimit  30
SoftMemLimit  120

Academic license 2736771 - for non-commercial use only - registered to er___@sabanciuniv.edu
Optimize a model with 56647 rows, 48870 columns and 1135911 nonzeros
Model fingerprint: 0x872777d9
Variable types: 0 continuous, 48870 integer (48870 binary)
Coefficient statistics:
  Matrix range     [1e+00, 5e+01]
  Objective range  [1e+02, 4e+04]
  Bounds range     [1e+00, 1e+00]
  RHS range        [1e+00, 7e+02]
Found heuristic solution: objective 526399.57401
Presolve removed 45962 rows and 3947 columns
Presolve time: 4.67s
Presolved: 10685 rows, 44923 columns, 1104549 nonzeros
Found heuristic solution: objective 529203.74515
Variable types: 0 continuous, 44923 integer (44923 binary)
Found heuristic solution: objective 529972.62569
Deterministic concurrent LP optimizer: primal simplex, dual simplex, and barrier
Showing barrier log only...

Root barrier log...

Ordering time: 0.12s

Barrier statistics:
 AA' NZ     : 8.194e+05
 Factor NZ  : 1.666e+06 (roughly 36 MB of memory)
 Factor Ops : 3.619e+08 (less than 1 second per iteration)
 Threads    : 30

                  Objective                Residual
Iter       Primal          Dual         Primal    Dual     Compl     Time
   0   1.40524248e+09  8.84389384e+05  2.43e+05 3.08e+03  5.16e+04     6s
   1   7.44882056e+08  4.51574008e+06  1.26e+05 2.80e+03  2.75e+04     6s
   2   1.79626956e+08  1.19452466e+07  3.01e+04 1.34e+03  7.20e+03     6s
   3   2.51711007e+07  1.03010593e+07  4.34e+03 3.70e+01  1.09e+03     6s
   4   4.97051569e+06  4.87438905e+06  7.53e+02 0.00e+00  2.05e+02     6s
   5   2.56757131e+06  3.04213767e+06  3.25e+02 0.00e+00  8.41e+01     6s
   6   1.92159563e+06  2.50752036e+06  2.10e+02 0.00e+00  5.31e+01     6s
   7   1.76426202e+06  2.19915585e+06  1.82e+02 0.00e+00  4.30e+01     6s
   8   1.06325851e+06  1.58003503e+06  5.32e+01 0.00e+00  1.48e+01     6s
   9   9.64039061e+05  1.29965643e+06  2.84e+01 0.00e+00  7.79e+00     6s
  10   9.39971556e+05  1.21861942e+06  1.87e+01 0.00e+00  5.53e+00     6s
  11   9.36619188e+05  1.10808273e+06  1.72e+01 0.00e+00  3.97e+00     6s
  12   9.35938000e+05  1.06321365e+06  1.29e+01 0.00e+00  2.85e+00     6s
  13   9.35006841e+05  1.03516446e+06  1.04e+01 0.00e+00  2.22e+00     6s
  14   9.43103066e+05  1.00890259e+06  6.47e+00 0.00e+00  1.38e+00     6s
  15   9.48360222e+05  9.93174581e+05  3.57e+00 0.00e+00  8.30e-01     6s
  16   9.54060436e+05  9.86531438e+05  2.02e+00 0.00e+00  5.37e-01     6s
  17   9.57789309e+05  9.81246580e+05  1.35e+00 0.00e+00  3.75e-01     6s
  18   9.61861908e+05  9.78074164e+05  8.99e-01 0.00e+00  2.55e-01     6s
  19   9.66326032e+05  9.75799986e+05  4.21e-01 0.00e+00  1.38e-01     6s
  20   9.67503005e+05  9.74416426e+05  3.10e-01 0.00e+00  1.01e-01     6s
  21   9.68697211e+05  9.72761882e+05  2.07e-01 0.00e+00  6.17e-02     6s
  22   9.70152556e+05  9.72197159e+05  8.84e-02 0.00e+00  2.94e-02     6s
  23   9.70827296e+05  9.71802273e+05  3.82e-02 0.00e+00  1.36e-02     6s
  24   9.70866852e+05  9.71698157e+05  3.55e-02 0.00e+00  1.19e-02     6s
  25   9.71042567e+05  9.71613944e+05  2.35e-02 0.00e+00  8.07e-03     6s
  26   9.71276514e+05  9.71515826e+05  7.85e-03 0.00e+00  3.18e-03     6s
  27   9.71357278e+05  9.71430870e+05  2.63e-03 0.00e+00  9.99e-04     6s
  28   9.71380956e+05  9.71412902e+05  1.24e-03 0.00e+00  4.44e-04     7s
  29   9.71398341e+05  9.71404663e+05  2.17e-04 0.00e+00  8.50e-05     7s
  30   9.71402842e+05  9.71403137e+05  4.17e-06 0.00e+00  3.36e-06     7s
  31   9.71402963e+05  9.71402966e+05  4.77e-08 4.55e-12  3.49e-08     7s
  32   9.71402965e+05  9.71402966e+05  1.18e-08 3.30e-12  7.02e-09     7s

Barrier solved model in 32 iterations and 6.67 seconds (7.29 work units)
Optimal objective 9.71402965e+05


Root crossover log...

    3808 DPushes remaining with DInf 0.0000000e+00                 7s
       0 DPushes remaining with DInf 0.0000000e+00                 7s

    1819 PPushes remaining with PInf 1.6274231e-06                 7s
       0 PPushes remaining with PInf 0.0000000e+00                 7s

  Push phase complete: Pinf 0.0000000e+00, Dinf 2.6429089e-10      7s


Root simplex log...

Iteration    Objective       Primal Inf.    Dual Inf.      Time
    4924    9.7140297e+05   0.000000e+00   0.000000e+00      7s
Concurrent spin time: 0.00s

Solved with barrier

Root relaxation: objective 9.714030e+05, 4924 iterations, 2.10 seconds (1.61 work units)

    Nodes    |    Current Node    |     Objective Bounds      |     Work
 Expl Unexpl |  Obj  Depth IntInf | Incumbent    BestBd   Gap | It/Node Time

     0     0 971402.966    0  482 529972.626 971402.966  83.3%     -    9s
     0     0 971402.966    0  482 529972.626 971402.966  83.3%     -    9s
     0     0 971400.535    0  483 529972.626 971400.535  83.3%     -    9s
     0     0 971396.470    0  481 529972.626 971396.470  83.3%     -   10s
     0     0 971384.880    0  495 529972.626 971384.880  83.3%     -   10s
     0     0 971372.847    0  477 529972.626 971372.847  83.3%     -   10s
     0     0 971370.760    0  474 529972.626 971370.760  83.3%     -   10s
     0     0 971370.760    0  472 529972.626 971370.760  83.3%     -   10s
H    0     0                    585421.85356 971370.760  65.9%     -   11s
H    0     0                    599546.35262 971370.760  62.0%     -   11s
H    0     0                    606433.96823 971370.760  60.2%     -   11s
H    0     0                    707972.32058 971370.760  37.2%     -   11s
H    0     0                    728801.25198 971370.760  33.3%     -   11s
H    0     0                    799422.96882 971370.760  21.5%     -   11s
H    0     0                    805382.14764 971370.760  20.6%     -   11s
H    0     0                    822530.50734 971370.760  18.1%     -   12s
H    0     0                    839024.37449 971370.760  15.8%     -   12s
H    0     0                    853097.10376 971370.760  13.9%     -   12s
H    0     0                    853241.16380 971370.760  13.8%     -   12s
H    0     0                    857676.20731 971370.760  13.3%     -   13s
H    0     0                    857869.93032 971370.760  13.2%     -   13s
H    0     0                    866911.61055 971370.760  12.0%     -   13s
H    0     0                    873526.48253 971370.760  11.2%     -   15s
H    0     0                    875061.01119 971370.760  11.0%     -   15s
H    0     0                    878166.08948 971370.760  10.6%     -   15s
H    0     0                    878401.18828 971370.760  10.6%     -   15s
H    0     0                    878696.86031 971370.760  10.5%     -   16s
H    0     0                    886383.00175 971370.760  9.59%     -   16s
H    0     0                    892089.41655 971370.760  8.89%     -   17s
     0     0 968614.728    0  605 892089.417 968614.728  8.58%     -   20s
     0     0 968606.496    0  612 892089.417 968606.496  8.58%     -   20s
     0     0 968589.566    0  603 892089.417 968589.566  8.58%     -   20s
     0     0 968571.914    0  606 892089.417 968571.914  8.57%     -   20s
     0     0 968569.074    0  603 892089.417 968569.074  8.57%     -   20s
     0     0 968554.998    0  591 892089.417 968554.998  8.57%     -   20s
     0     0 968542.031    0  597 892089.417 968542.031  8.57%     -   21s
     0     0 968526.497    0  592 892089.417 968526.497  8.57%     -   21s
     0     0 968526.437    0  586 892089.417 968526.437  8.57%     -   21s
H    0     0                    892241.35705 968526.437  8.55%     -   22s
H    0     0                    892554.92250 968526.437  8.51%     -   22s
H    0     0                    892930.75367 968526.437  8.47%     -   22s
H    0     0                    893806.30306 968526.437  8.36%     -   22s
H    0     0                    893846.63724 968526.437  8.35%     -   23s
H    0     0                    894686.51015 968526.437  8.25%     -   23s
     0     0 967383.524    0  653 894686.510 967383.524  8.13%     -   24s
     0     0 967349.238    0  646 894686.510 967349.238  8.12%     -   24s
     0     0 967346.785    0  654 894686.510 967346.785  8.12%     -   24s
     0     0 967346.785    0  654 894686.510 967346.785  8.12%     -   24s
     0     0 967346.785    0  656 894686.510 967346.785  8.12%     -   24s
     0     0 967346.785    0  657 894686.510 967346.785  8.12%     -   24s
     0     0 966816.078    0  665 894686.510 966816.078  8.06%     -   27s
     0     0 966812.492    0  655 894686.510 966812.492  8.06%     -   27s
     0     0 966812.457    0  643 894686.510 966812.457  8.06%     -   27s
     0     0 966216.972    0  658 894686.510 966216.972  8.00%     -   28s
     0     0 966190.172    0  633 894686.510 966190.172  7.99%     -   28s
     0     0 966190.172    0  640 894686.510 966190.172  7.99%     -   28s

Cutting planes:
  Gomory: 33
  Cover: 26
  Clique: 93
  MIR: 13
  Zero half: 147
  RLT: 307

Explored 1 nodes (18701 simplex iterations) in 30.10 seconds (28.66 work units)
Thread count was 32 (of 32 available processors)

Solution count 10: 894687 893847 893806 ... 878401

Time limit reached
Best objective 8.946865101536e+05, best bound 9.661901719133e+05, gap 7.9920%
Set parameter TimeLimit to value 30
Gurobi Optimizer version 12.0.3 build v12.0.3rc0 (linux64)

CPU model: Intel(R) Xeon(R) Gold 6130 CPU @ 2.10GHz, instruction set [SSE2|AVX|AVX2|AVX512]
Thread count: 32 physical cores, 32 logical processors, using up to 32 threads

Non-default parameters:
TimeLimit  30
SoftMemLimit  120

Academic license 2736771 - for non-commercial use only - registered to er___@sabanciuniv.edu
Optimize a model with 56647 rows, 48870 columns and 1135911 nonzeros
Model fingerprint: 0x872777d9
Variable types: 0 continuous, 48870 integer (48870 binary)
Coefficient statistics:
  Matrix range     [1e+00, 5e+01]
  Objective range  [1e+02, 4e+04]
  Bounds range     [1e+00, 1e+00]
  RHS range        [1e+00, 7e+02]
Presolved: 10685 rows, 44923 columns, 1104549 nonzeros

Continuing optimization...

     0     0 965896.995    0  599 894686.510 965896.995  7.96%     -   33s
H    0     0                    898866.60170 965896.995  7.46%     -   34s
H    0     0                    903590.46202 965896.995  6.90%     -   34s
H    0     0                    904325.00883 965896.995  6.81%     -   34s
H    0     0                    905677.05647 965896.995  6.65%     -   35s
     0     0 965895.953    0  604 905677.056 965895.953  6.65%     -   35s
     0     0 965895.953    0  610 905677.056 965895.953  6.65%     -   35s
     0     0 965892.992    0  567 905677.056 965892.992  6.65%     -   39s
H    0     0                    908075.35284 965892.992  6.37%     -   41s
H    0     2                    908075.35431 965892.992  6.37%     -   45s
     0     2 965892.992    0  567 908075.354 965892.992  6.37%     -   45s
     1     4 965878.155    1  583 908075.354 965885.912  6.37%  1693   46s
    15    28 965172.562    4  658 908075.354 965172.562  6.29%  1012   52s
H   32    54                    908245.97079 965172.015  6.27%   924   54s
H   40    54                    908815.90380 965172.015  6.20%   799   54s
H   41    54                    932912.90832 965172.015  3.46%   785   54s
    57    78 963942.193    6  573 932912.908 964864.313  3.42%   816   57s
   187   196 963779.693   10  582 932912.908 964736.410  3.41%   726   60s

Cutting planes:
  Gomory: 45
  Cover: 27
  Clique: 102
  MIR: 29
  Inf proof: 2
  Zero half: 229
  RLT: 450
  Relax-and-lift: 1

Explored 216 nodes (175323 simplex iterations) in 30.10 seconds (34.06 work units)
Thread count was 32 (of 32 available processors)

Solution count 10: 932913 908816 908246 ... 894687

Time limit reached
Best objective 9.329129083184e+05, best bound 9.647364103781e+05, gap 3.4112%
Set parameter TimeLimit to value 60
Gurobi Optimizer version 12.0.3 build v12.0.3rc0 (linux64)

CPU model: Intel(R) Xeon(R) Gold 6130 CPU @ 2.10GHz, instruction set [SSE2|AVX|AVX2|AVX512]
Thread count: 32 physical cores, 32 logical processors, using up to 32 threads

Non-default parameters:
TimeLimit  60
SoftMemLimit  120

Academic license 2736771 - for non-commercial use only - registered to er___@sabanciuniv.edu
Optimize a model with 56647 rows, 48870 columns and 1135911 nonzeros
Model fingerprint: 0x872777d9
Variable types: 0 continuous, 48870 integer (48870 binary)
Coefficient statistics:
  Matrix range     [1e+00, 5e+01]
  Objective range  [1e+02, 4e+04]
  Bounds range     [1e+00, 1e+00]
  RHS range        [1e+00, 7e+02]
Presolved: 10685 rows, 44923 columns, 1104549 nonzeros

Continuing optimization...

   216   259 963752.287   11  592 932912.908 964736.410  3.41%   664   62s
   378   410 963738.186   12  599 932912.908 964715.528  3.41%   600   66s
   537   505 962500.391   16  552 932912.908 964638.765  3.40%   551   71s
H  540   505                    934392.04285 964638.765  3.24%   551   71s
H  545   505                    934453.63857 964638.765  3.23%   549   71s
H  577   556                    935207.27834 964638.765  3.15%   540   72s
H  642   614                    936819.62540 964638.765  2.97%   526   74s
   720   671 962084.155   21  536 936819.625 964592.917  2.96%   506   76s
H  724   671                    937113.85726 964592.917  2.93%   506   76s
H  773   671                    937686.90967 964592.917  2.87%   494   76s
   817   733 961897.918   24  541 937686.910 964592.917  2.87%   488   81s
H  819   733                    937981.14154 964592.917  2.84%   487   81s
H  831   733                    938168.09412 964592.917  2.82%   485   81s
H  892   792                    938518.01878 964592.917  2.78%   471   84s
H  903   792                    938575.09407 964592.917  2.77%   469   84s
H  906   792                    939265.44628 964592.917  2.70%   470   84s
H  907   792                    940291.52710 964592.917  2.58%   470   84s
H  910   792                    940942.35204 964592.917  2.51%   470   84s
H  918   877                    942327.42180 964592.917  2.36%   468   85s
  1191  1161 961250.357   30  531 942327.422 964592.917  2.36%   437   91s
  1447  1386 961079.537   37  529 942327.422 963864.919  2.29%   401   95s
  1688  1624 961035.428   40  522 942327.422 963804.054  2.28%   379  100s
H 2011  1802                    942575.73454 963777.398  2.25%   350  103s
  2041  1952 958276.403   46  534 942575.735 963777.398  2.25%   350  107s
  2367  2279 956490.746   50  552 942575.735 963777.398  2.25%   334  111s
  2753  2688 infeasible   51      942575.735 963777.398  2.25%   313  116s
H 3192  2929                    943221.64765 963777.398  2.18%   295  119s
  3257  2983 943488.969   58  542 943221.648 963777.398  2.18%   293  120s

Cutting planes:
  Gomory: 48
  Cover: 27
  Clique: 112
  MIR: 32
  Inf proof: 6
  Zero half: 251
  RLT: 467
  Relax-and-lift: 1

Explored 3323 nodes (990100 simplex iterations) in 60.07 seconds (78.00 work units)
Thread count was 32 (of 32 available processors)

Solution count 10: 943222 942576 942327 ... 937981

Time limit reached
Best objective 9.432216476533e+05, best bound 9.637773984176e+05, gap 2.1793%
Set parameter TimeLimit to value 180
Gurobi Optimizer version 12.0.3 build v12.0.3rc0 (linux64)

CPU model: Intel(R) Xeon(R) Gold 6130 CPU @ 2.10GHz, instruction set [SSE2|AVX|AVX2|AVX512]
Thread count: 32 physical cores, 32 logical processors, using up to 32 threads

Non-default parameters:
TimeLimit  180
SoftMemLimit  120

Academic license 2736771 - for non-commercial use only - registered to er___@sabanciuniv.edu
Optimize a model with 56647 rows, 48870 columns and 1135911 nonzeros
Model fingerprint: 0x872777d9
Variable types: 0 continuous, 48870 integer (48870 binary)
Coefficient statistics:
  Matrix range     [1e+00, 5e+01]
  Objective range  [1e+02, 4e+04]
  Bounds range     [1e+00, 1e+00]
  RHS range        [1e+00, 7e+02]
Presolved: 10685 rows, 44923 columns, 1104549 nonzeros

Continuing optimization...

  3323  3202 infeasible   58      943221.648 963777.398  2.18%   288  123s
  3600  3387 963185.721   11  638 943221.648 963774.010  2.18%   283  126s
  3804  3388 959035.212   34  567 943221.648 963774.010  2.18%   278  197s
  3806  3389 956708.708   93  484 943221.648 963774.010  2.18%   278  207s
  3807  3390 956843.765   44  543 943221.648 963774.010  2.18%   278  213s
H 3807  3220                    943348.08983 963774.010  2.17%   278  215s
H 3807  3059                    943668.17662 963774.010  2.13%   278  215s
  3810  3061 958111.362   60  682 943668.177 963774.010  2.13%   278  220s
H 3810  2908                    943668.18969 963774.010  2.13%   278  221s
  3814  2911 957710.564  153  616 943668.190 963552.479  2.11%   277  228s
  3815  2911 951148.472   34  689 943668.190 963296.731  2.08%   277  230s
  3818  2913 962544.661   11  629 943668.190 963060.862  2.06%   277  239s
  3819  2914 957147.774   32  639 943668.190 962918.951  2.04%   277  241s
  3821  2915 960614.607   25  651 943668.190 962788.123  2.03%   277  246s
  3824  2917 951257.569   28  729 943668.190 962724.121  2.02%   277  251s
  3825  2918 952293.685  184  693 943668.190 962665.908  2.01%   277  257s
  3828  2920 954920.513   43  776 943668.190 962620.945  2.01%   276  260s
  3830  2921 950675.762   70  882 943668.190 962564.556  2.00%   276  266s
  3831  2922 957820.409   44  745 943668.190 962410.881  1.99%   276  271s
  3835  2925 959475.959   60  710 943668.190 962092.907  1.95%   276  279s
  3836  2925 952927.648  121  790 943668.190 962021.153  1.94%   276  281s
  3838  2927 953023.754   47  802 943668.190 961901.890  1.93%   276  287s
  3841  2929 956272.322   20  901 943668.190 961812.197  1.92%   275  290s
  3843  2930 952768.612  142  864 943668.190 961701.441  1.91%   275  295s

Cutting planes:
  Gomory: 45
  Cover: 11
  Clique: 68
  MIR: 18
  Flow cover: 41
  GUB cover: 4
  Inf proof: 2
  Zero half: 140
  RLT: 496
  Relax-and-lift: 7

Explored 3844 nodes (1170107 simplex iterations) in 180.10 seconds (260.50 work units)
Thread count was 32 (of 32 available processors)

Solution count 10: 943668 943668 943348 ... 938575

Time limit reached
Best objective 9.436681896796e+05, best bound 9.616018145550e+05, gap 1.9004%
Set parameter TimeLimit to value 300
Gurobi Optimizer version 12.0.3 build v12.0.3rc0 (linux64)

CPU model: Intel(R) Xeon(R) Gold 6130 CPU @ 2.10GHz, instruction set [SSE2|AVX|AVX2|AVX512]
Thread count: 32 physical cores, 32 logical processors, using up to 32 threads

Non-default parameters:
TimeLimit  300
SoftMemLimit  120

Academic license 2736771 - for non-commercial use only - registered to er___@sabanciuniv.edu
Optimize a model with 56647 rows, 48870 columns and 1135911 nonzeros
Model fingerprint: 0x872777d9
Variable types: 0 continuous, 48870 integer (48870 binary)
Coefficient statistics:
  Matrix range     [1e+00, 5e+01]
  Objective range  [1e+02, 4e+04]
  Bounds range     [1e+00, 1e+00]
  RHS range        [1e+00, 7e+02]
Presolved: 10685 rows, 44923 columns, 1104549 nonzeros

Continuing optimization...

  3845  2934 961591.100   16  837 943668.190 961591.100  1.90%   296  306s
  3851  2941 961577.801   18  869 943668.190 961577.801  1.90%   297  315s
  3872  2952 961359.404   20  906 943668.190 961541.396  1.89%   304  324s
H 3896  2814                    944045.16474 961359.283  1.83%   310  329s
  3927  2827 961155.873   22  898 944045.165 961191.417  1.82%   316  334s
  3959  2854 960887.600   23  862 944045.165 961152.488  1.81%   324  339s
  4019  2854 960835.658   24  855 944045.165 960894.337  1.78%   327  343s
H 4049  2705                    944621.87755 960890.466  1.72%   327  343s
  4058  2749     cutoff   24      944621.878 960890.466  1.72%   328  349s
H 4141  2631                    944952.94918 960890.466  1.69%   335  353s
  4218  2644 960694.232   26  860 944952.949 960890.466  1.69%   339  358s
  4286  2663 960085.350   27  681 944952.949 960890.466  1.69%   346  363s
  4366  2673 960131.773   27  831 944952.949 960788.835  1.68%   349  368s
  4434  2697 959778.557   28  820 944952.949 960788.835  1.68%   353  372s
  4497  2711 959756.509   29  823 944952.949 960788.835  1.68%   356  376s
  4553  2714 959635.457   30  861 944952.949 960788.835  1.68%   361  382s
H 4567  2584                    945507.47229 960788.835  1.62%   363  382s
H 4581  2459                    945652.45093 960788.835  1.60%   364  382s
  4595  2505 951663.926   30  813 945652.451 960788.835  1.60%   366  386s
  4711  2595 959307.623   32  867 945652.451 960788.835  1.60%   372  393s
  4779  2639 959279.949   33  859 945652.451 960788.835  1.60%   375  403s
  4856  2703 959208.412   34  877 945652.451 960788.835  1.60%   377  407s
  4951  2763     cutoff   34      945652.451 960788.835  1.60%   377  412s
  5047  2827 959141.905   35  837 945652.451 960788.835  1.60%   375  415s
  5257  2963 959036.165   36  823 945652.451 960788.835  1.60%   375  430s
  5514  3123 958955.758   38  861 945652.451 960788.835  1.60%   370  440s
  5660  3156 958947.946   39  825 945652.451 960788.835  1.60%   366  446s
H 5670  3039                    946652.51375 960788.835  1.49%   366  446s
  5748  3153 958155.904   39  726 946652.514 960706.146  1.48%   366  450s
  6052  3484 958459.375   40  725 946652.514 960706.146  1.48%   361  459s
  6356  3717 958868.480   41  812 946652.514 960194.576  1.43%   354  466s
  6703  3843 957562.632   42  814 946652.514 960178.742  1.43%   346  474s
  6983  4038 958240.831   43  754 946652.514 960178.742  1.43%   339  479s
  7285  4334 958187.497   44  718 946652.514 960178.742  1.43%   334  486s
  7719  4591 958187.497   45  711 946652.514 960178.742  1.43%   324  492s
  8173  4758 955114.508   46  589 946652.514 960178.742  1.43%   317  501s
  8541  5106 958121.822   47  695 946652.514 960178.742  1.43%   313  505s
H 8544  4980                    946874.17259 960178.742  1.41%   314  505s
H 8605  4855                    947010.17991 960178.742  1.39%   312  505s
H 8630  4747                    947057.89015 960178.742  1.39%   311  505s
  9040  5131 957959.459   48  550 947057.890 960178.742  1.39%   304  510s
  9589  5262 957958.060   49  550 947057.890 960178.742  1.39%   295  518s
H 9685  5259                    947127.80193 960178.742  1.38%   293  518s
  9854  5435 957809.968   51  512 947127.802 960129.612  1.37%   291  523s
H 9876  4534                    950304.01373 960129.612  1.03%   291  523s
H 9881  4158                    951710.90805 960129.612  0.88%   291  523s
 10042  4440 957095.870   51  461 951710.908 960129.612  0.88%   289  529s
H10043  4350                    952143.30493 960129.612  0.84%   289  529s
H10117  4350                    952143.30585 960129.612  0.84%   288  529s
 10461  4767 957797.513   52  506 952143.306 960129.612  0.84%   284  536s
 11069  4932 957588.309   55  509 952143.306 960129.612  0.84%   280  543s
 11287  5344 957515.767   57  555 952143.306 960123.991  0.84%   281  551s
 11736  5814 957325.654   60  522 952143.306 960123.991  0.84%   278  558s
H12245  5810                    952163.55106 960123.991  0.84%   275  558s
 12281  6318 957202.941   63  513 952163.551 960123.991  0.84%   275  567s
 12906  6516 956896.811   66  532 952163.551 960035.238  0.83%   274  576s
 13200  7160 956587.982   68  502 952163.551 960035.238  0.83%   274  585s
 14016  7467 955847.081   72  488 952163.551 959920.957  0.81%   271  593s
 14396  7817 956362.980   77  540 952163.551 959920.957  0.81%   271  600s

Cutting planes:
  Gomory: 57
  Cover: 43
  Clique: 127
  MIR: 31
  Flow cover: 108
  GUB cover: 6
  Inf proof: 12
  Zero half: 391
  RLT: 768
  Relax-and-lift: 12

Explored 14811 nodes (4034871 simplex iterations) in 300.09 seconds (459.40 work units)
Thread count was 32 (of 32 available processors)

Solution count 10: 952164 952143 952143 ... 946653

Time limit reached
Best objective 9.521635510587e+05, best bound 9.599209565490e+05, gap 0.8147%
Set parameter TimeLimit to value 300
Gurobi Optimizer version 12.0.3 build v12.0.3rc0 (linux64)

CPU model: Intel(R) Xeon(R) Gold 6130 CPU @ 2.10GHz, instruction set [SSE2|AVX|AVX2|AVX512]
Thread count: 32 physical cores, 32 logical processors, using up to 32 threads

Non-default parameters:
TimeLimit  300
SoftMemLimit  120

Academic license 2736771 - for non-commercial use only - registered to er___@sabanciuniv.edu
Optimize a model with 56647 rows, 48870 columns and 1135911 nonzeros
Model fingerprint: 0x872777d9
Variable types: 0 continuous, 48870 integer (48870 binary)
Coefficient statistics:
  Matrix range     [1e+00, 5e+01]
  Objective range  [1e+02, 4e+04]
  Bounds range     [1e+00, 1e+00]
  RHS range        [1e+00, 7e+02]
Presolved: 10685 rows, 44923 columns, 1104549 nonzeros

Continuing optimization...

 14811  8014 956314.642   79  507 952163.551 959920.957  0.81%   270  612s
 15098  9148 955647.128   81  457 952163.551 959722.471  0.79%   275  627s
 16448  9369 956062.092   92  433 952163.551 959722.471  0.79%   274  635s
 16806 10105 955042.640   99  446 952163.551 959722.471  0.79%   275  648s
 17785 10478 953632.298  114  556 952163.551 959498.847  0.77%   272  659s
 18220 11306 953538.897  120  511 952163.551 959493.199  0.77%   271  672s
 19219 12092 958101.402   35  574 952163.551 959464.275  0.77%   268  681s
 20149 12430 955839.227   45  509 952163.551 959464.275  0.77%   266  692s
 20664 13194 955438.541   57  354 952163.551 959464.275  0.77%   266  702s
 21609 13717 954507.890   84  340 952163.551 959365.311  0.76%   264  712s
 22269 14193 953283.844  107  271 952163.551 959365.311  0.76%   264  723s
H22639 14193                    952163.55134 959365.311  0.76%   263  723s
 22915 14847 957931.451   33  578 952163.551 959365.311  0.76%   263  736s
 23737 15919 957439.869   47  516 952163.551 959315.576  0.75%   262  748s
H23870 15919                    952163.55146 959315.576  0.75%   261  748s
 24982 16847 956881.271   78  434 952163.551 959315.576  0.75%   258  760s
 26032 17839 956438.439  114  495 952163.551 959315.576  0.75%   256  774s
 27284 18675 954051.978  164  488 952163.551 959315.576  0.75%   254  788s
 28353 19650 958344.818   32  485 952163.551 959315.576  0.75%   254  802s
 29458 20693 955257.694   76  498 952163.551 959315.576  0.75%   253  850s
 30725 21619 954020.467  118  485 952163.551 959315.576  0.75%   253  866s
H31863 21619                    952163.55217 959315.576  0.75%   253  866s
 32002 22626 957293.035   29  483 952163.552 959315.576  0.75%   252  879s
 33333 23887 954777.613   64  400 952163.552 959315.576  0.75%   252  895s
 34928 23919 952517.029  141  347 952163.552 959143.373  0.73%   252  900s
H34947 23919                    952163.55340 959143.373  0.73%   252  900s

Cutting planes:
  Gomory: 61
  Cover: 81
  Clique: 144
  MIR: 33
  Flow cover: 143
  GUB cover: 6
  Inf proof: 18
  Zero half: 459
  RLT: 838
  Relax-and-lift: 12

Explored 34960 nodes (8838100 simplex iterations) in 300.17 seconds (439.57 work units)
Thread count was 32 (of 32 available processors)

Solution count 10: 952164 952164 952164 ... 947128

Time limit reached
Best objective 9.521635510587e+05, best bound 9.591433728070e+05, gap 0.7330%
Set parameter TimeLimit to value 900
Gurobi Optimizer version 12.0.3 build v12.0.3rc0 (linux64)

CPU model: Intel(R) Xeon(R) Gold 6130 CPU @ 2.10GHz, instruction set [SSE2|AVX|AVX2|AVX512]
Thread count: 32 physical cores, 32 logical processors, using up to 32 threads

Non-default parameters:
TimeLimit  900
SoftMemLimit  120

Academic license 2736771 - for non-commercial use only - registered to er___@sabanciuniv.edu
Optimize a model with 56647 rows, 48870 columns and 1135911 nonzeros
Model fingerprint: 0x872777d9
Variable types: 0 continuous, 48870 integer (48870 binary)
Coefficient statistics:
  Matrix range     [1e+00, 5e+01]
  Objective range  [1e+02, 4e+04]
  Bounds range     [1e+00, 1e+00]
  RHS range        [1e+00, 7e+02]
Presolved: 10685 rows, 44923 columns, 1104549 nonzeros

Continuing optimization...

 34960 25092 952266.454  142  357 952163.553 959143.373  0.73%   252  921s
 36406 25567 954768.046   66  427 952163.553 959143.373  0.73%   255  942s
 37022 27592 957959.607   25  707 952163.553 959143.373  0.73%   255  964s
 39500 29398 954913.711   72  487 952163.553 959143.373  0.73%   254  982s
 41613 31051 956040.838   36  550 952163.553 958993.728  0.72%   252 1001s
 43542 31620 952587.078   91  489 952163.553 958993.728  0.72%   251 1018s
 44342 33882 956476.084   55  420 952163.553 958880.499  0.71%   251 1036s
 46990 35154 952578.428   57  360 952163.553 958811.186  0.70%   248 1055s
 48900 36888 955241.747   28  567 952163.553 958807.837  0.70%   249 1076s
 51117 36903 955080.066   37  515 952163.553 958807.837  0.70%   248 1101s
 51155 36928 953654.683   38  483 952163.553 958807.837  0.70%   249 1132s
 51190 36950 954162.841   39  527 952163.553 958807.837  0.70%   249 1152s
 51224 36999 954160.968   40  526 952163.553 958807.837  0.70%   249 1172s
 51291 37062 955497.205   39  590 952163.553 958807.837  0.70%   249 1192s
H51319 37062                    952163.55486 958733.208  0.69%   249 1192s
H51328 37062                    952163.55683 958733.208  0.69%   249 1192s
 51371 37536 952950.493   41  558 952163.557 958733.208  0.69%   249 1212s
H52114 37536                    952163.55709 958705.978  0.69%   249 1212s
 52144 37566 952858.859   42  555 952163.557 958705.978  0.69%   249 1232s
H52152 37566                    952163.55729 958705.978  0.69%   249 1232s
 52178 39453 952759.607   43  560 952163.557 958705.978  0.69%   249 1258s
 54691 40340 infeasible   30      952163.557 958696.407  0.69%   250 1282s
 55959 41958 954859.965   36  467 952163.557 958696.407  0.69%   250 1306s
 58039 44133 954327.684   47  420 952163.557 958696.407  0.69%   251 1332s
 60919 44134 955998.567   37  567 952163.557 958549.830  0.67%   250 1577s
 60921 44135 953090.646  146  446 952163.557 958549.830  0.67%   250 1586s
 60922 44136 956122.126   84  478 952163.557 958549.830  0.67%   250 1590s
 60924 44137 955392.213   41  564 952163.557 958549.830  0.67%   250 1595s
 60926 44139 955560.951   86  605 952163.557 958549.830  0.67%   250 1600s
 60929 44141 954233.221  296  675 952163.557 958549.830  0.67%   250 1606s
 60932 44143 954955.734  100  751 952163.557 958549.830  0.67%   250 1611s
 60933 44143 956172.355   56  587 952163.557 958549.830  0.67%   250 1623s
 60935 44145 958257.868   44  812 952163.557 958549.830  0.67%   250 1637s
 60936 44145 954003.125  118  747 952163.557 958549.830  0.67%   250 1652s
 60938 44147 957139.050   64  751 952163.557 958549.830  0.67%   250 1665s
 60939 44147 956897.471   98  827 952163.557 958549.830  0.67%   250 1679s
 60940 44148 955396.136   51  817 952163.557 958549.830  0.67%   250 1681s
 60941 44149 953277.708   79  859 952163.557 958549.830  0.67%   250 1694s
 60942 44149 954532.728   94  752 952163.557 958549.830  0.67%   250 1710s
 60944 44151 956007.555   90  857 952163.557 958549.830  0.67%   250 1724s
 60945 44151 954911.951  117  856 952163.557 958549.830  0.67%   250 1738s
 60946 44152 954930.055   73  966 952163.557 958549.830  0.67%   250 1751s
 60947 44153 958099.080   42  944 952163.557 958549.830  0.67%   250 1766s
 60949 44154 956092.786  132  907 952163.557 958549.830  0.67%   249 1779s
 60950 44155 955213.459   59  870 952163.557 958549.830  0.67%   249 1794s

Cutting planes:
  Gomory: 85
  Cover: 48
  Clique: 86
  MIR: 24
  StrongCG: 3
  Flow cover: 134
  GUB cover: 7
  Inf proof: 4
  Zero half: 250
  RLT: 451
  Relax-and-lift: 8

Explored 60950 nodes (15302418 simplex iterations) in 900.20 seconds (1155.34 work units)
Thread count was 32 (of 32 available processors)

Solution count 10: 952164 952164 952164 ... 952143

Time limit reached
Best objective 9.521635510587e+05, best bound 9.585498297190e+05, gap 0.6707%
Set parameter TimeLimit to value 1800
Gurobi Optimizer version 12.0.3 build v12.0.3rc0 (linux64)

CPU model: Intel(R) Xeon(R) Gold 6130 CPU @ 2.10GHz, instruction set [SSE2|AVX|AVX2|AVX512]
Thread count: 32 physical cores, 32 logical processors, using up to 32 threads

Non-default parameters:
TimeLimit  1800
SoftMemLimit  120

Academic license 2736771 - for non-commercial use only - registered to er___@sabanciuniv.edu
Optimize a model with 56647 rows, 48870 columns and 1135911 nonzeros
Model fingerprint: 0x872777d9
Variable types: 0 continuous, 48870 integer (48870 binary)
Coefficient statistics:
  Matrix range     [1e+00, 5e+01]
  Objective range  [1e+02, 4e+04]
  Bounds range     [1e+00, 1e+00]
  RHS range        [1e+00, 7e+02]
Presolved: 10685 rows, 44923 columns, 1104549 nonzeros

Continuing optimization...

 60951 44156 958549.830   28  870 952163.557 958549.830  0.67%   251 1810s
H60955 41948                    952329.22620 958549.830  0.65%   251 1816s
 60959 41951 957975.811   31  847 952329.226 958549.830  0.65%   251 1820s
 60963 41956 957863.980   32  743 952329.226 958549.830  0.65%   251 1825s
 60986 41988 957705.800   34  701 952329.226 958492.776  0.65%   251 1835s
H60987 39889                    952329.22721 958492.776  0.65%   251 1835s
H60994 37894                    952329.22731 958492.776  0.65%   252 1835s
 61015 37938 955979.707   35  669 952329.227 958297.615  0.63%   252 1843s
 61085 37987 954467.077   36  793 952329.227 958234.608  0.62%   254 1851s
 61177 38012 955547.707   36  792 952329.227 958233.496  0.62%   254 1858s
 61247 38043 955457.295   37  816 952329.227 958233.496  0.62%   255 1862s
 61322 38070 955330.357   38  774 952329.227 958233.496  0.62%   256 1866s
 61436 38103 955226.296   40  759 952329.227 958233.496  0.62%   256 1873s
 61496 38148 954861.390   40  695 952329.227 958233.496  0.62%   257 1877s
 61570 38189 955134.973   41  702 952329.227 958233.496  0.62%   257 1882s
 61650 38224 954844.131   41  749 952329.227 958233.496  0.62%   257 1886s
 61791 38288     cutoff   42      952329.227 958233.496  0.62%   258 1892s
 61870 38326 954820.345   43  531 952329.227 958233.496  0.62%   258 1897s
 61955 38368 954956.032   44  673 952329.227 958233.496  0.62%   258 1902s
 62043 38414 953509.322   45  544 952329.227 958074.548  0.60%   258 1905s
 62229 38503 954861.440   47  619 952329.227 958006.457  0.60%   259 1914s
 62338 38533 954836.064   48  606 952329.227 957938.382  0.59%   259 1918s
 62433 38578     cutoff   49      952329.227 957933.793  0.59%   259 1921s
 62531 38627 954704.012   51  574 952329.227 957911.102  0.59%   260 1925s
 62631 38623 954694.084   52  602 952329.227 957908.018  0.59%   260 1930s
 62697 38654 954441.382   53  503 952329.227 957908.018  0.59%   260 1938s
H62719 36754                    952329.22871 957856.710  0.58%   260 1938s
 62732 36838 954604.579   54  535 952329.229 957856.710  0.58%   260 1942s
 62845 36898 954603.857   55  553 952329.229 957856.710  0.58%   260 1946s
 62978 36968     cutoff   58      952329.229 957853.749  0.58%   261 1951s
 63134 37031 954525.348   62  518 952329.229 957853.749  0.58%   261 1955s
 63293 37097 954381.378   65  515 952329.229 957825.575  0.58%   261 1961s
 63452 37149     cutoff   68      952329.229 957825.575  0.58%   261 1966s
 63601 37207     cutoff   72      952329.229 957825.575  0.58%   261 1972s
 63771 37273     cutoff   77      952329.229 957825.575  0.58%   262 1980s
 63962 37313 953933.058   83  547 952329.229 957811.140  0.58%   262 1988s
 64122 37387 953671.838   86  584 952329.229 957811.140  0.58%   262 1996s
 64307 37455     cutoff   90      952329.229 957811.140  0.58%   262 2001s
 64543 37515     cutoff   95      952329.229 957811.140  0.58%   262 2008s
 64741 37599 953203.631  103  527 952329.229 957796.841  0.57%   262 2013s
 64977 37696     cutoff  117      952329.229 957796.841  0.57%   263 2020s
 65232 37637 956655.573   41  658 952329.229 957724.089  0.57%   263 2026s
 65265 37652 956509.146   42  646 952329.229 957724.089  0.57%   263 2033s
 65300 37668 956509.146   43  644 952329.229 957724.089  0.57%   263 2039s
 65333 37688 956505.165   44  642 952329.229 957724.089  0.57%   263 2045s
 65370 37810 infeasible   45      952329.229 957724.089  0.57%   263 2053s
 65554 37937 956335.603   46  604 952329.229 957722.855  0.57%   263 2061s
 65817 38090 956278.208   48  617 952329.229 957722.855  0.57%   263 2071s
 66165 38234 953217.789   52  534 952329.229 957712.191  0.57%   263 2080s
 66524 38395 957027.381   42  741 952329.229 957692.864  0.56%   263 2089s
 66891 38530 956052.509   50  639 952329.229 957658.137  0.56%   263 2097s
 67220 38615 955875.275   58  504 952329.229 957658.137  0.56%   264 2106s
 67491 38835 955846.007   63  509 952329.229 957658.137  0.56%   264 2115s
 67938 39006 955640.295   77  410 952329.229 957614.550  0.55%   264 2125s
 68390 39228 955377.085   67  561 952329.229 957589.826  0.55%   264 2134s
 68929 39389 954171.475   93  442 952329.229 957589.826  0.55%   264 2145s
 69480 39655 953580.746  108  480 952329.229 957554.059  0.55%   264 2154s
 70116 39967 952913.439  136  341 952329.229 957554.059  0.55%   264 2164s
 70907 40100 955995.184   57  555 952329.229 957554.059  0.55%   264 2178s
 71573 40544 954063.958   68  431 952329.229 957525.517  0.55%   264 2191s
 72508 40889 955506.287   55  432 952329.229 957525.517  0.55%   265 2203s
 73497 41359 956777.553   39  892 952329.229 957525.517  0.55%   265 2215s
 74517 41898 956053.405   46  855 952329.229 957525.517  0.55%   265 2227s
 75586 42513 955422.265   51  597 952329.229 957525.517  0.55%   265 2240s
 76726 42828 954634.217   76  412 952329.229 957525.517  0.55%   265 2254s
 77621 43424 954245.704   92  554 952329.229 957450.163  0.54%   265 2268s
 78825 43755 953314.681  138  444 952329.229 957450.163  0.54%   265 2281s
 79719 44013 953266.960  139  565 952329.229 957450.163  0.54%   265 2295s
 80530 44987     cutoff  167      952329.229 957337.974  0.53%   265 2310s
 81965 45544 954805.910   69  433 952329.229 957313.283  0.52%   265 2326s
 83327 45947 953736.215  101  570 952329.229 957313.283  0.52%   264 2347s
 84439 46315 955624.884   48  631 952329.229 957313.283  0.52%   265 2363s
 85579 46934 955835.121   59  561 952329.229 957313.283  0.52%   266 2379s
 86931 47336 953333.130  120  477 952329.229 957313.283  0.52%   266 2396s
 88266 47834 953871.797   59  556 952329.229 957051.194  0.50%   267 2414s
 89577 48388 956044.918   58  450 952329.229 957017.756  0.49%   268 2433s
 90945 49326 952634.719  102  467 952329.229 957017.756  0.49%   269 2488s
 92809 49915 955302.886   80  615 952329.229 956992.048  0.49%   270 2504s
 94278 49456 953282.449  108  516 952329.229 956968.238  0.49%   270 2518s
 94310 49476 953219.024  109  492 952329.229 956968.238  0.49%   270 2532s
 94342 49589 952928.863  110  663 952329.229 956968.238  0.49%   270 2549s
 94539 50088 952806.675  111  573 952329.229 956968.238  0.49%   270 2566s
 95223 51343 956359.657   53  618 952329.229 956948.789  0.49%   271 2589s
 97132 52263 955454.585   42  805 952329.229 956898.518  0.48%   271 2613s
 99063 52896 955620.293   82  535 952329.229 956863.307  0.48%   271 2636s
 100808 53719 955471.283   43  797 952329.229 956855.208  0.48%   272 2663s
 102714 54432 955216.754   62  517 952329.229 956800.971  0.47%   274 2688s
 104661 54722 955167.236   55  499 952329.229 956789.934  0.47%   275 2711s
 105909 56038 955686.138   58  526 952329.229 956787.010  0.47%   275 2742s
 108226 56801 955755.180   54  664 952329.229 956706.627  0.46%   276 2768s
 110428 57667 955063.664   51  571 952329.229 956677.472  0.46%   277 2797s
 112499 57837 954189.657   57  422 952329.229 956654.318  0.45%   278 2825s
 113884 59357 953410.860  101  441 952329.229 956654.318  0.45%   278 2857s
 116656 60241 infeasible   66      952329.229 956632.799  0.45%   279 2889s
 119111 61410 952567.146   70  582 952329.229 956598.242  0.45%   280 2920s
 121712 62978 954678.821   62  460 952329.229 956583.996  0.45%   281 2995s
 125238 63224     cutoff   84      952329.229 956541.853  0.44%   282 3025s
 127483 63859 955307.814   51  535 952329.229 956534.735  0.44%   283 3058s
 129548 65571 954241.513   84  406 952329.229 956519.333  0.44%   283 3098s
 132707 66652 953673.016  123  561 952329.229 956498.601  0.44%   284 3135s
 135533 68268 954212.915   69  464 952329.229 956490.402  0.44%   285 3175s
 138944 69639 953082.546   56  506 952329.229 956465.179  0.43%   286 3216s
 142612 70638 954353.950   63  547 952329.229 956433.616  0.43%   286 3256s
 145767 72113 954367.502   63  410 952329.229 956409.844  0.43%   288 3299s
 149210 73419 954293.987   55  533 952329.229 956390.778  0.43%   289 3339s
 152729 75172 955541.311   49  487 952329.229 956375.130  0.42%   290 3421s
 156763 74865 954626.163   60  633 952329.229 956351.872  0.42%   291 3458s
 158336 77260 954463.667   61  604 952329.229 956351.864  0.42%   291 3508s
 162322 78277 953467.920   70  404 952329.229 956337.683  0.42%   292 3556s
 165688 79507 955403.133   80  555 952329.229 956316.465  0.42%   293 3601s

Cutting planes:
  Gomory: 129
  Cover: 231
  Clique: 161
  MIR: 45
  StrongCG: 3
  Flow cover: 361
  GUB cover: 12
  Inf proof: 29
  Zero half: 644
  RLT: 889
  Relax-and-lift: 18

Explored 169290 nodes (49938419 simplex iterations) in 1800.33 seconds (2529.22 work units)
Thread count was 32 (of 32 available processors)

Solution count 10: 952329 952329 952329 ... 952164

Time limit reached
Best objective 9.523292261998e+05, best bound 9.562984217743e+05, gap 0.4168%
Set parameter TimeLimit to value 3600
Gurobi Optimizer version 12.0.3 build v12.0.3rc0 (linux64)

CPU model: Intel(R) Xeon(R) Gold 6130 CPU @ 2.10GHz, instruction set [SSE2|AVX|AVX2|AVX512]
Thread count: 32 physical cores, 32 logical processors, using up to 32 threads

Non-default parameters:
TimeLimit  3600
SoftMemLimit  120


> Task :runMipSolver FAILED
2 actionable tasks: 1 executed, 1 up-to-date

Command 1 FAILED (Duration: 3618.17s)

[2/33] Starting command 2...
Executing: ./gradlew runMipSolver -PinstancePath="instances/density=LOW_nInventory=10_nHours=3_seed=2.json" -PoutputPath="November2/discrete" -PmodelType="Discrete" -PcheckPointTimes="30,60,120,300,600,900,1800,3600,7200" -PlogPath="November2/discrete/density=LOW_nInventory=10_nHours=3_seed=2.json/mip.log"
Command failed with return code: 1
Error: 
FAILURE: Build failed with an exception.

* What went wrong:
Execution failed for task ':runMipSolver'.
> Process 'command '/cta/users/erhun.kundakcioglu/jdk-21.0.3+9/bin/java'' finished with non-zero exit value 1

* Try:
> Run with --stacktrace option to get the stack trace.
> Run with --info or --debug option to get more log output.
> Run with --scan to get full insights.
> Get more help at https://help.gradle.org.

BUİLD FAILED in 13s

Starting a Gradle Daemon, 4 busy and 2 incompatible and 6 stopped Daemons could not be reused, use --status for details
> Task :compileJava UP-TO-DATE
> Task :processResources NO-SOURCE
> Task :classes UP-TO-DATE

> Task :runMipSolver
Running MIP Solver with arguments: --instancePath=instances/density=LOW_nInventory=10_nHours=3_seed=2.json --outputPath=November2/discrete --modelType=Discrete --checkPointTimes=30,60,120,300,600,900,1800,3600,7200 --logPath=November2/discrete/density=LOW_nInventory=10_nHours=3_seed=2.json/mip.log
Loading problem instance...
Set parameter WLSAccessID
Set parameter WLSSecret
Set parameter LicenseID to value 2736771

> Task :runMipSolver FAILED
2 actionable tasks: 1 executed, 1 up-to-date

Command 2 FAILED (Duration: 14.41s)

[3/33] Starting command 3...
Executing: ./gradlew runMipSolver -PinstancePath="instances/density=HIGH_nInventory=20_nHours=5_seed=8.json" -PoutputPath="November2/discrete" -PmodelType="Discrete" -PcheckPointTimes="30,60,120,300,600,900,1800,3600,7200" -PlogPath="November2/discrete/density=HIGH_nInventory=20_nHours=5_seed=8.json/mip.log"
Command failed with return code: 1
Error: 
FAILURE: Build failed with an exception.

* What went wrong:
Execution failed for task ':runMipSolver'.
> Process 'command '/cta/users/erhun.kundakcioglu/jdk-21.0.3+9/bin/java'' finished with non-zero exit value 1

* Try:
> Run with --stacktrace option to get the stack trace.
> Run with --info or --debug option to get more log output.
> Run with --scan to get full insights.
> Get more help at https://help.gradle.org.

BUİLD FAILED in 12s

Starting a Gradle Daemon, 5 busy and 1 incompatible and 7 stopped Daemons could not be reused, use --status for details
> Task :compileJava UP-TO-DATE
> Task :processResources NO-SOURCE
> Task :classes UP-TO-DATE

> Task :runMipSolver
Running MIP Solver with arguments: --instancePath=instances/density=HIGH_nInventory=20_nHours=5_seed=8.json --outputPath=November2/discrete --modelType=Discrete --checkPointTimes=30,60,120,300,600,900,1800,3600,7200 --logPath=November2/discrete/density=HIGH_nInventory=20_nHours=5_seed=8.json/mip.log
Loading problem instance...
Set parameter WLSAccessID
Set parameter WLSSecret
Set parameter LicenseID to value 2736771

> Task :runMipSolver FAILED
2 actionable tasks: 1 executed, 1 up-to-date

Command 3 FAILED (Duration: 12.94s)

[4/33] Starting command 4...
Executing: ./gradlew runMipSolver -PinstancePath="instances/density=HIGH_nInventory=15_nHours=4_seed=8.json" -PoutputPath="November2/discrete" -PmodelType="Discrete" -PcheckPointTimes="30,60,120,300,600,900,1800,3600,7200" -PlogPath="November2/discrete/density=HIGH_nInventory=15_nHours=4_seed=8.json/mip.log"
Command failed with return code: 1
Error: 
FAILURE: Build failed with an exception.

* What went wrong:
Execution failed for task ':runMipSolver'.
> Process 'command '/cta/users/erhun.kundakcioglu/jdk-21.0.3+9/bin/java'' finished with non-zero exit value 1

* Try:
> Run with --stacktrace option to get the stack trace.
> Run with --info or --debug option to get more log output.
> Run with --scan to get full insights.
> Get more help at https://help.gradle.org.

BUİLD FAILED in 4s

> Task :compileJava UP-TO-DATE
> Task :processResources NO-SOURCE
> Task :classes UP-TO-DATE

> Task :runMipSolver
Running MIP Solver with arguments: --instancePath=instances/density=HIGH_nInventory=15_nHours=4_seed=8.json --outputPath=November2/discrete --modelType=Discrete --checkPointTimes=30,60,120,300,600,900,1800,3600,7200 --logPath=November2/discrete/density=HIGH_nInventory=15_nHours=4_seed=8.json/mip.log
Loading problem instance...
Set parameter WLSAccessID
Set parameter WLSSecret
Set parameter LicenseID to value 2736771

> Task :runMipSolver FAILED
2 actionable tasks: 1 executed, 1 up-to-date

Command 4 FAILED (Duration: 4.64s)

[5/33] Starting command 5...
Executing: ./gradlew runMipSolver -PinstancePath="instances/3.json" -PoutputPath="November2/discrete" -PmodelType="Discrete" -PcheckPointTimes="30,60,120,300,600,900,1800,3600,7200" -PlogPath="November2/discrete/3.json/mip.log"
Command failed with return code: 1
Error: 
FAILURE: Build failed with an exception.

* What went wrong:
Execution failed for task ':runMipSolver'.
> Process 'command '/cta/users/erhun.kundakcioglu/jdk-21.0.3+9/bin/java'' finished with non-zero exit value 1

* Try:
> Run with --stacktrace option to get the stack trace.
> Run with --info or --debug option to get more log output.
> Run with --scan to get full insights.
> Get more help at https://help.gradle.org.

BUİLD FAILED in 14s

Starting a Gradle Daemon, 3 busy and 1 incompatible and 10 stopped Daemons could not be reused, use --status for details
> Task :compileJava UP-TO-DATE
> Task :processResources NO-SOURCE
> Task :classes UP-TO-DATE

> Task :runMipSolver
Running MIP Solver with arguments: --instancePath=instances/3.json --outputPath=November2/discrete --modelType=Discrete --checkPointTimes=30,60,120,300,600,900,1800,3600,7200 --logPath=November2/discrete/3.json/mip.log
Loading problem instance...
Set parameter WLSAccessID
Set parameter WLSSecret
Set parameter LicenseID to value 2736771

> Task :runMipSolver FAILED
2 actionable tasks: 1 executed, 1 up-to-date

Command 5 FAILED (Duration: 15.07s)

[6/33] Starting command 6...
Executing: ./gradlew runMipSolver -PinstancePath="instances/density=MEDIUM_nInventory=10_nHours=3_seed=3.json" -PoutputPath="November2/discrete" -PmodelType="Discrete" -PcheckPointTimes="30,60,120,300,600,900,1800,3600,7200" -PlogPath="November2/discrete/density=MEDIUM_nInventory=10_nHours=3_seed=3.json/mip.log"
Command failed with return code: 1
Error: 
FAILURE: Build failed with an exception.

* What went wrong:
Execution failed for task ':runMipSolver'.
> Process 'command '/cta/users/erhun.kundakcioglu/jdk-21.0.3+9/bin/java'' finished with non-zero exit value 1

* Try:
> Run with --stacktrace option to get the stack trace.
> Run with --info or --debug option to get more log output.
> Run with --scan to get full insights.
> Get more help at https://help.gradle.org.

BUİLD FAILED in 4s

> Task :compileJava UP-TO-DATE
> Task :processResources NO-SOURCE
> Task :classes UP-TO-DATE

> Task :runMipSolver
Running MIP Solver with arguments: --instancePath=instances/density=MEDIUM_nInventory=10_nHours=3_seed=3.json --outputPath=November2/discrete --modelType=Discrete --checkPointTimes=30,60,120,300,600,900,1800,3600,7200 --logPath=November2/discrete/density=MEDIUM_nInventory=10_nHours=3_seed=3.json/mip.log
Loading problem instance...
Set parameter WLSAccessID
Set parameter WLSSecret
Set parameter LicenseID to value 2736771

> Task :runMipSolver FAILED
2 actionable tasks: 1 executed, 1 up-to-date

Command 6 FAILED (Duration: 4.62s)

[7/33] Starting command 7...
Executing: ./gradlew runMipSolver -PinstancePath="instances/density=LOW_nInventory=10_nHours=3_seed=5.json" -PoutputPath="November2/discrete" -PmodelType="Discrete" -PcheckPointTimes="30,60,120,300,600,900,1800,3600,7200" -PlogPath="November2/discrete/density=LOW_nInventory=10_nHours=3_seed=5.json/mip.log"
Command failed with return code: 1
Error: 
FAILURE: Build failed with an exception.

* What went wrong:
Execution failed for task ':runMipSolver'.
> Process 'command '/cta/users/erhun.kundakcioglu/jdk-21.0.3+9/bin/java'' finished with non-zero exit value 1

* Try:
> Run with --stacktrace option to get the stack trace.
> Run with --info or --debug option to get more log output.
> Run with --scan to get full insights.
> Get more help at https://help.gradle.org.

BUİLD FAILED in 4s

> Task :compileJava UP-TO-DATE
> Task :processResources NO-SOURCE
> Task :classes UP-TO-DATE

> Task :runMipSolver
Running MIP Solver with arguments: --instancePath=instances/density=LOW_nInventory=10_nHours=3_seed=5.json --outputPath=November2/discrete --modelType=Discrete --checkPointTimes=30,60,120,300,600,900,1800,3600,7200 --logPath=November2/discrete/density=LOW_nInventory=10_nHours=3_seed=5.json/mip.log
Loading problem instance...
Set parameter WLSAccessID
Set parameter WLSSecret
Set parameter LicenseID to value 2736771

> Task :runMipSolver FAILED
2 actionable tasks: 1 executed, 1 up-to-date

Command 7 FAILED (Duration: 4.52s)

[8/33] Starting command 8...
Executing: ./gradlew runMipSolver -PinstancePath="instances/density=MEDIUM_nInventory=10_nHours=3_seed=8.json" -PoutputPath="November2/discrete" -PmodelType="Discrete" -PcheckPointTimes="30,60,120,300,600,900,1800,3600,7200" -PlogPath="November2/discrete/density=MEDIUM_nInventory=10_nHours=3_seed=8.json/mip.log"
Command failed with return code: 1
Error: 
FAILURE: Build failed with an exception.

* What went wrong:
Execution failed for task ':runMipSolver'.
> Process 'command '/cta/users/erhun.kundakcioglu/jdk-21.0.3+9/bin/java'' finished with non-zero exit value 1

* Try:
> Run with --stacktrace option to get the stack trace.
> Run with --info or --debug option to get more log output.
> Run with --scan to get full insights.
> Get more help at https://help.gradle.org.

BUİLD FAILED in 4s

> Task :compileJava UP-TO-DATE
> Task :processResources NO-SOURCE
> Task :classes UP-TO-DATE

> Task :runMipSolver
Running MIP Solver with arguments: --instancePath=instances/density=MEDIUM_nInventory=10_nHours=3_seed=8.json --outputPath=November2/discrete --modelType=Discrete --checkPointTimes=30,60,120,300,600,900,1800,3600,7200 --logPath=November2/discrete/density=MEDIUM_nInventory=10_nHours=3_seed=8.json/mip.log
Loading problem instance...
Set parameter WLSAccessID
Set parameter WLSSecret
Set parameter LicenseID to value 2736771

> Task :runMipSolver FAILED
2 actionable tasks: 1 executed, 1 up-to-date

Command 8 FAILED (Duration: 4.71s)

[9/33] Starting command 9...
Executing: ./gradlew runMipSolver -PinstancePath="instances/8.json" -PoutputPath="November2/discrete" -PmodelType="Discrete" -PcheckPointTimes="30,60,120,300,600,900,1800,3600,7200" -PlogPath="November2/discrete/8.json/mip.log"
Command failed with return code: 1
Error: 
FAILURE: Build failed with an exception.

* What went wrong:
Execution failed for task ':runMipSolver'.
> Process 'command '/cta/users/erhun.kundakcioglu/jdk-21.0.3+9/bin/java'' finished with non-zero exit value 1

* Try:
> Run with --stacktrace option to get the stack trace.
> Run with --info or --debug option to get more log output.
> Run with --scan to get full insights.
> Get more help at https://help.gradle.org.

BUİLD FAILED in 4s

> Task :compileJava UP-TO-DATE
> Task :processResources NO-SOURCE
> Task :classes UP-TO-DATE

> Task :runMipSolver
Running MIP Solver with arguments: --instancePath=instances/8.json --outputPath=November2/discrete --modelType=Discrete --checkPointTimes=30,60,120,300,600,900,1800,3600,7200 --logPath=November2/discrete/8.json/mip.log
Loading problem instance...
Set parameter WLSAccessID
Set parameter WLSSecret
Set parameter LicenseID to value 2736771

> Task :runMipSolver FAILED
2 actionable tasks: 1 executed, 1 up-to-date

Command 9 FAILED (Duration: 4.72s)

[10/33] Starting command 10...
Executing: ./gradlew runMipSolver -PinstancePath="instances/density=HIGH_nInventory=15_nHours=4_seed=3.json" -PoutputPath="November2/discrete" -PmodelType="Discrete" -PcheckPointTimes="30,60,120,300,600,900,1800,3600,7200" -PlogPath="November2/discrete/density=HIGH_nInventory=15_nHours=4_seed=3.json/mip.log"
Command failed with return code: 1
Error: 
FAILURE: Build failed with an exception.

* What went wrong:
Execution failed for task ':runMipSolver'.
> Process 'command '/cta/users/erhun.kundakcioglu/jdk-21.0.3+9/bin/java'' finished with non-zero exit value 1

* Try:
> Run with --stacktrace option to get the stack trace.
> Run with --info or --debug option to get more log output.
> Run with --scan to get full insights.
> Get more help at https://help.gradle.org.

BUİLD FAILED in 4s

> Task :compileJava UP-TO-DATE
> Task :processResources NO-SOURCE
> Task :classes UP-TO-DATE

> Task :runMipSolver
Running MIP Solver with arguments: --instancePath=instances/density=HIGH_nInventory=15_nHours=4_seed=3.json --outputPath=November2/discrete --modelType=Discrete --checkPointTimes=30,60,120,300,600,900,1800,3600,7200 --logPath=November2/discrete/density=HIGH_nInventory=15_nHours=4_seed=3.json/mip.log
Loading problem instance...
Set parameter WLSAccessID
Set parameter WLSSecret
Set parameter LicenseID to value 2736771

> Task :runMipSolver FAILED
2 actionable tasks: 1 executed, 1 up-to-date

Command 10 FAILED (Duration: 4.70s)

[11/33] Starting command 11...
Executing: ./gradlew runMipSolver -PinstancePath="instances/density=LOW_nInventory=20_nHours=5_seed=6.json" -PoutputPath="November2/discrete" -PmodelType="Discrete" -PcheckPointTimes="30,60,120,300,600,900,1800,3600,7200" -PlogPath="November2/discrete/density=LOW_nInventory=20_nHours=5_seed=6.json/mip.log"
Command failed with return code: 1
Error: 
FAILURE: Build failed with an exception.

* What went wrong:
Execution failed for task ':runMipSolver'.
> Process 'command '/cta/users/erhun.kundakcioglu/jdk-21.0.3+9/bin/java'' finished with non-zero exit value 1

* Try:
> Run with --stacktrace option to get the stack trace.
> Run with --info or --debug option to get more log output.
> Run with --scan to get full insights.
> Get more help at https://help.gradle.org.

BUİLD FAILED in 13s

Starting a Gradle Daemon, 4 busy and 2 incompatible and 13 stopped Daemons could not be reused, use --status for details
> Task :compileJava UP-TO-DATE
> Task :processResources NO-SOURCE
> Task :classes UP-TO-DATE

> Task :runMipSolver
Running MIP Solver with arguments: --instancePath=instances/density=LOW_nInventory=20_nHours=5_seed=6.json --outputPath=November2/discrete --modelType=Discrete --checkPointTimes=30,60,120,300,600,900,1800,3600,7200 --logPath=November2/discrete/density=LOW_nInventory=20_nHours=5_seed=6.json/mip.log
Loading problem instance...
Set parameter WLSAccessID
Set parameter WLSSecret
Set parameter LicenseID to value 2736771

> Task :runMipSolver FAILED
2 actionable tasks: 1 executed, 1 up-to-date

Command 11 FAILED (Duration: 13.96s)

[12/33] Starting command 12...
Executing: ./gradlew runMipSolver -PinstancePath="instances/density=HIGH_nInventory=20_nHours=5_seed=3.json" -PoutputPath="November2/discrete" -PmodelType="Discrete" -PcheckPointTimes="30,60,120,300,600,900,1800,3600,7200" -PlogPath="November2/discrete/density=HIGH_nInventory=20_nHours=5_seed=3.json/mip.log"
Command failed with return code: 1
Error: 
FAILURE: Build failed with an exception.

* What went wrong:
Execution failed for task ':runMipSolver'.
> Process 'command '/cta/users/erhun.kundakcioglu/jdk-21.0.3+9/bin/java'' finished with non-zero exit value 1

* Try:
> Run with --stacktrace option to get the stack trace.
> Run with --info or --debug option to get more log output.
> Run with --scan to get full insights.
> Get more help at https://help.gradle.org.

BUİLD FAILED in 4s

> Task :compileJava UP-TO-DATE
> Task :processResources NO-SOURCE
> Task :classes UP-TO-DATE

> Task :runMipSolver
Running MIP Solver with arguments: --instancePath=instances/density=HIGH_nInventory=20_nHours=5_seed=3.json --outputPath=November2/discrete --modelType=Discrete --checkPointTimes=30,60,120,300,600,900,1800,3600,7200 --logPath=November2/discrete/density=HIGH_nInventory=20_nHours=5_seed=3.json/mip.log
Loading problem instance...
Set parameter WLSAccessID
Set parameter WLSSecret
Set parameter LicenseID to value 2736771

> Task :runMipSolver FAILED
2 actionable tasks: 1 executed, 1 up-to-date

Command 12 FAILED (Duration: 5.31s)

[13/33] Starting command 13...
Executing: ./gradlew runMipSolver -PinstancePath="instances/density=LOW_nInventory=15_nHours=4_seed=6.json" -PoutputPath="November2/discrete" -PmodelType="Discrete" -PcheckPointTimes="30,60,120,300,600,900,1800,3600,7200" -PlogPath="November2/discrete/density=LOW_nInventory=15_nHours=4_seed=6.json/mip.log"
Command failed with return code: 1
Error: 
FAILURE: Build failed with an exception.

* What went wrong:
Execution failed for task ':runMipSolver'.
> Process 'command '/cta/users/erhun.kundakcioglu/jdk-21.0.3+9/bin/java'' finished with non-zero exit value 1

* Try:
> Run with --stacktrace option to get the stack trace.
> Run with --info or --debug option to get more log output.
> Run with --scan to get full insights.
> Get more help at https://help.gradle.org.

BUİLD FAILED in 12s

Starting a Gradle Daemon, 4 busy and 1 incompatible and 16 stopped Daemons could not be reused, use --status for details
> Task :compileJava UP-TO-DATE
> Task :processResources NO-SOURCE
> Task :classes UP-TO-DATE

> Task :runMipSolver
Running MIP Solver with arguments: --instancePath=instances/density=LOW_nInventory=15_nHours=4_seed=6.json --outputPath=November2/discrete --modelType=Discrete --checkPointTimes=30,60,120,300,600,900,1800,3600,7200 --logPath=November2/discrete/density=LOW_nInventory=15_nHours=4_seed=6.json/mip.log
Loading problem instance...
Set parameter WLSAccessID
Set parameter WLSSecret
Set parameter LicenseID to value 2736771

> Task :runMipSolver FAILED
2 actionable tasks: 1 executed, 1 up-to-date

Command 13 FAILED (Duration: 13.01s)

[14/33] Starting command 14...
Executing: ./gradlew runMipSolver -PinstancePath="instances/density=LOW_nInventory=10_nHours=3_seed=9.json" -PoutputPath="November2/discrete" -PmodelType="Discrete" -PcheckPointTimes="30,60,120,300,600,900,1800,3600,7200" -PlogPath="November2/discrete/density=LOW_nInventory=10_nHours=3_seed=9.json/mip.log"
Command failed with return code: 1
Error: 
FAILURE: Build failed with an exception.

* What went wrong:
Execution failed for task ':runMipSolver'.
> Process 'command '/cta/users/erhun.kundakcioglu/jdk-21.0.3+9/bin/java'' finished with non-zero exit value 1

* Try:
> Run with --stacktrace option to get the stack trace.
> Run with --info or --debug option to get more log output.
> Run with --scan to get full insights.
> Get more help at https://help.gradle.org.

BUİLD FAILED in 11s

Starting a Gradle Daemon, 4 busy and 1 incompatible and 18 stopped Daemons could not be reused, use --status for details
> Task :compileJava UP-TO-DATE
> Task :processResources NO-SOURCE
> Task :classes UP-TO-DATE

> Task :runMipSolver
Running MIP Solver with arguments: --instancePath=instances/density=LOW_nInventory=10_nHours=3_seed=9.json --outputPath=November2/discrete --modelType=Discrete --checkPointTimes=30,60,120,300,600,900,1800,3600,7200 --logPath=November2/discrete/density=LOW_nInventory=10_nHours=3_seed=9.json/mip.log
Loading problem instance...
Set parameter WLSAccessID
Set parameter WLSSecret
Set parameter LicenseID to value 2736771

> Task :runMipSolver FAILED
2 actionable tasks: 1 executed, 1 up-to-date

Command 14 FAILED (Duration: 12.01s)

[15/33] Starting command 15...
Executing: ./gradlew runMipSolver -PinstancePath="instances/density=MEDIUM_nInventory=10_nHours=3_seed=4.json" -PoutputPath="November2/discrete" -PmodelType="Discrete" -PcheckPointTimes="30,60,120,300,600,900,1800,3600,7200" -PlogPath="November2/discrete/density=MEDIUM_nInventory=10_nHours=3_seed=4.json/mip.log"
Command failed with return code: 1
Error: 
FAILURE: Build failed with an exception.

* What went wrong:
Execution failed for task ':runMipSolver'.
> Process 'command '/cta/users/erhun.kundakcioglu/jdk-21.0.3+9/bin/java'' finished with non-zero exit value 1

* Try:
> Run with --stacktrace option to get the stack trace.
> Run with --info or --debug option to get more log output.
> Run with --scan to get full insights.
> Get more help at https://help.gradle.org.

BUİLD FAILED in 4s

> Task :compileJava UP-TO-DATE
> Task :processResources NO-SOURCE
> Task :classes UP-TO-DATE

> Task :runMipSolver
Running MIP Solver with arguments: --instancePath=instances/density=MEDIUM_nInventory=10_nHours=3_seed=4.json --outputPath=November2/discrete --modelType=Discrete --checkPointTimes=30,60,120,300,600,900,1800,3600,7200 --logPath=November2/discrete/density=MEDIUM_nInventory=10_nHours=3_seed=4.json/mip.log
Loading problem instance...
Set parameter WLSAccessID
Set parameter WLSSecret
Set parameter LicenseID to value 2736771

> Task :runMipSolver FAILED
2 actionable tasks: 1 executed, 1 up-to-date

Command 15 FAILED (Duration: 4.43s)

[16/33] Starting command 16...
Executing: ./gradlew runMipSolver -PinstancePath="instances/4.json" -PoutputPath="November2/discrete" -PmodelType="Discrete" -PcheckPointTimes="30,60,120,300,600,900,1800,3600,7200" -PlogPath="November2/discrete/4.json/mip.log"
Command failed with return code: 1
Error: 
FAILURE: Build failed with an exception.

* What went wrong:
Execution failed for task ':runMipSolver'.
> Process 'command '/cta/users/erhun.kundakcioglu/jdk-21.0.3+9/bin/java'' finished with non-zero exit value 1

* Try:
> Run with --stacktrace option to get the stack trace.
> Run with --info or --debug option to get more log output.
> Run with --scan to get full insights.
> Get more help at https://help.gradle.org.

BUİLD FAILED in 4s

> Task :compileJava UP-TO-DATE
> Task :processResources NO-SOURCE
> Task :classes UP-TO-DATE

> Task :runMipSolver
Running MIP Solver with arguments: --instancePath=instances/4.json --outputPath=November2/discrete --modelType=Discrete --checkPointTimes=30,60,120,300,600,900,1800,3600,7200 --logPath=November2/discrete/4.json/mip.log
Loading problem instance...
Set parameter WLSAccessID
Set parameter WLSSecret
Set parameter LicenseID to value 2736771

> Task :runMipSolver FAILED
2 actionable tasks: 1 executed, 1 up-to-date

Command 16 FAILED (Duration: 4.75s)

[17/33] Starting command 17...
Executing: ./gradlew runMipSolver -PinstancePath="instances/density=MEDIUM_nInventory=20_nHours=5_seed=7.json" -PoutputPath="November2/discrete" -PmodelType="Discrete" -PcheckPointTimes="30,60,120,300,600,900,1800,3600,7200" -PlogPath="November2/discrete/density=MEDIUM_nInventory=20_nHours=5_seed=7.json/mip.log"
Command failed with return code: 1
Error: 
FAILURE: Build failed with an exception.

* What went wrong:
Execution failed for task ':runMipSolver'.
> Process 'command '/cta/users/erhun.kundakcioglu/jdk-21.0.3+9/bin/java'' finished with non-zero exit value 1

* Try:
> Run with --stacktrace option to get the stack trace.
> Run with --info or --debug option to get more log output.
> Run with --scan to get full insights.
> Get more help at https://help.gradle.org.

BUİLD FAILED in 4s

> Task :compileJava UP-TO-DATE
> Task :processResources NO-SOURCE
> Task :classes UP-TO-DATE

> Task :runMipSolver
Running MIP Solver with arguments: --instancePath=instances/density=MEDIUM_nInventory=20_nHours=5_seed=7.json --outputPath=November2/discrete --modelType=Discrete --checkPointTimes=30,60,120,300,600,900,1800,3600,7200 --logPath=November2/discrete/density=MEDIUM_nInventory=20_nHours=5_seed=7.json/mip.log
Loading problem instance...
Set parameter WLSAccessID
Set parameter WLSSecret
Set parameter LicenseID to value 2736771

> Task :runMipSolver FAILED
2 actionable tasks: 1 executed, 1 up-to-date

Command 17 FAILED (Duration: 4.47s)

[18/33] Starting command 18...
Executing: ./gradlew runMipSolver -PinstancePath="instances/density=MEDIUM_nInventory=15_nHours=4_seed=7.json" -PoutputPath="November2/discrete" -PmodelType="Discrete" -PcheckPointTimes="30,60,120,300,600,900,1800,3600,7200" -PlogPath="November2/discrete/density=MEDIUM_nInventory=15_nHours=4_seed=7.json/mip.log"
Command failed with return code: 1
Error: 
FAILURE: Build failed with an exception.

* What went wrong:
Execution failed for task ':runMipSolver'.
> Process 'command '/cta/users/erhun.kundakcioglu/jdk-21.0.3+9/bin/java'' finished with non-zero exit value 1

* Try:
> Run with --stacktrace option to get the stack trace.
> Run with --info or --debug option to get more log output.
> Run with --scan to get full insights.
> Get more help at https://help.gradle.org.

BUİLD FAILED in 4s

> Task :compileJava UP-TO-DATE
> Task :processResources NO-SOURCE
> Task :classes UP-TO-DATE

> Task :runMipSolver
Running MIP Solver with arguments: --instancePath=instances/density=MEDIUM_nInventory=15_nHours=4_seed=7.json --outputPath=November2/discrete --modelType=Discrete --checkPointTimes=30,60,120,300,600,900,1800,3600,7200 --logPath=November2/discrete/density=MEDIUM_nInventory=15_nHours=4_seed=7.json/mip.log
Loading problem instance...
Set parameter WLSAccessID
Set parameter WLSSecret
Set parameter LicenseID to value 2736771

> Task :runMipSolver FAILED
2 actionable tasks: 1 executed, 1 up-to-date

Command 18 FAILED (Duration: 4.55s)

[19/33] Starting command 19...
Executing: ./gradlew runMipSolver -PinstancePath="instances/density=MEDIUM_nInventory=15_nHours=4_seed=6.json" -PoutputPath="November2/discrete" -PmodelType="Discrete" -PcheckPointTimes="30,60,120,300,600,900,1800,3600,7200" -PlogPath="November2/discrete/density=MEDIUM_nInventory=15_nHours=4_seed=6.json/mip.log"
Command failed with return code: 1
Error: 
FAILURE: Build failed with an exception.

* What went wrong:
Execution failed for task ':runMipSolver'.
> Process 'command '/cta/users/erhun.kundakcioglu/jdk-21.0.3+9/bin/java'' finished with non-zero exit value 1

* Try:
> Run with --stacktrace option to get the stack trace.
> Run with --info or --debug option to get more log output.
> Run with --scan to get full insights.
> Get more help at https://help.gradle.org.

BUİLD FAILED in 4s

> Task :compileJava UP-TO-DATE
> Task :processResources NO-SOURCE
> Task :classes UP-TO-DATE

> Task :runMipSolver
Running MIP Solver with arguments: --instancePath=instances/density=MEDIUM_nInventory=15_nHours=4_seed=6.json --outputPath=November2/discrete --modelType=Discrete --checkPointTimes=30,60,120,300,600,900,1800,3600,7200 --logPath=November2/discrete/density=MEDIUM_nInventory=15_nHours=4_seed=6.json/mip.log
Loading problem instance...
Set parameter WLSAccessID
Set parameter WLSSecret
Set parameter LicenseID to value 2736771

> Task :runMipSolver FAILED
2 actionable tasks: 1 executed, 1 up-to-date

Command 19 FAILED (Duration: 4.47s)

[20/33] Starting command 20...
Executing: ./gradlew runMipSolver -PinstancePath="instances/density=MEDIUM_nInventory=20_nHours=5_seed=6.json" -PoutputPath="November2/discrete" -PmodelType="Discrete" -PcheckPointTimes="30,60,120,300,600,900,1800,3600,7200" -PlogPath="November2/discrete/density=MEDIUM_nInventory=20_nHours=5_seed=6.json/mip.log"
Command failed with return code: 1
Error: 
FAILURE: Build failed with an exception.

* What went wrong:
Execution failed for task ':runMipSolver'.
> Process 'command '/cta/users/erhun.kundakcioglu/jdk-21.0.3+9/bin/java'' finished with non-zero exit value 1

* Try:
> Run with --stacktrace option to get the stack trace.
> Run with --info or --debug option to get more log output.
> Run with --scan to get full insights.
> Get more help at https://help.gradle.org.

BUİLD FAILED in 16s

Starting a Gradle Daemon, 4 busy and 1 incompatible and 21 stopped Daemons could not be reused, use --status for details
> Task :compileJava UP-TO-DATE
> Task :processResources NO-SOURCE
> Task :classes UP-TO-DATE

> Task :runMipSolver
Running MIP Solver with arguments: --instancePath=instances/density=MEDIUM_nInventory=20_nHours=5_seed=6.json --outputPath=November2/discrete --modelType=Discrete --checkPointTimes=30,60,120,300,600,900,1800,3600,7200 --logPath=November2/discrete/density=MEDIUM_nInventory=20_nHours=5_seed=6.json/mip.log
Loading problem instance...
Set parameter WLSAccessID
Set parameter WLSSecret
Set parameter LicenseID to value 2736771

> Task :runMipSolver FAILED
2 actionable tasks: 1 executed, 1 up-to-date

Command 20 FAILED (Duration: 17.21s)

[21/33] Starting command 21...
Executing: ./gradlew runMipSolver -PinstancePath="instances/density=MEDIUM_nInventory=10_nHours=3_seed=10.json" -PoutputPath="November2/discrete" -PmodelType="Discrete" -PcheckPointTimes="30,60,120,300,600,900,1800,3600,7200" -PlogPath="November2/discrete/density=MEDIUM_nInventory=10_nHours=3_seed=10.json/mip.log"
Command failed with return code: 1
Error: 
FAILURE: Build failed with an exception.

* What went wrong:
Execution failed for task ':runMipSolver'.
> Process 'command '/cta/users/erhun.kundakcioglu/jdk-21.0.3+9/bin/java'' finished with non-zero exit value 1

* Try:
> Run with --stacktrace option to get the stack trace.
> Run with --info or --debug option to get more log output.
> Run with --scan to get full insights.
> Get more help at https://help.gradle.org.

BUİLD FAILED in 4s

> Task :compileJava UP-TO-DATE
> Task :processResources NO-SOURCE
> Task :classes UP-TO-DATE

> Task :runMipSolver
Running MIP Solver with arguments: --instancePath=instances/density=MEDIUM_nInventory=10_nHours=3_seed=10.json --outputPath=November2/discrete --modelType=Discrete --checkPointTimes=30,60,120,300,600,900,1800,3600,7200 --logPath=November2/discrete/density=MEDIUM_nInventory=10_nHours=3_seed=10.json/mip.log
Loading problem instance...
Set parameter WLSAccessID
Set parameter WLSSecret
Set parameter LicenseID to value 2736771

> Task :runMipSolver FAILED
2 actionable tasks: 1 executed, 1 up-to-date

Command 21 FAILED (Duration: 4.60s)

[22/33] Starting command 22...
Executing: ./gradlew runMipSolver -PinstancePath="instances/5.json" -PoutputPath="November2/discrete" -PmodelType="Discrete" -PcheckPointTimes="30,60,120,300,600,900,1800,3600,7200" -PlogPath="November2/discrete/5.json/mip.log"
Command failed with return code: 1
Error: 
FAILURE: Build failed with an exception.

* What went wrong:
Execution failed for task ':runMipSolver'.
> Process 'command '/cta/users/erhun.kundakcioglu/jdk-21.0.3+9/bin/java'' finished with non-zero exit value 1

* Try:
> Run with --stacktrace option to get the stack trace.
> Run with --info or --debug option to get more log output.
> Run with --scan to get full insights.
> Get more help at https://help.gradle.org.

BUİLD FAILED in 4s

> Task :compileJava UP-TO-DATE
> Task :processResources NO-SOURCE
> Task :classes UP-TO-DATE

> Task :runMipSolver
Running MIP Solver with arguments: --instancePath=instances/5.json --outputPath=November2/discrete --modelType=Discrete --checkPointTimes=30,60,120,300,600,900,1800,3600,7200 --logPath=November2/discrete/5.json/mip.log
Loading problem instance...
Set parameter WLSAccessID
Set parameter WLSSecret
Set parameter LicenseID to value 2736771

> Task :runMipSolver FAILED
2 actionable tasks: 1 executed, 1 up-to-date

Command 22 FAILED (Duration: 4.94s)

[23/33] Starting command 23...
Executing: ./gradlew runMipSolver -PinstancePath="instances/density=LOW_nInventory=10_nHours=3_seed=8.json" -PoutputPath="November2/discrete" -PmodelType="Discrete" -PcheckPointTimes="30,60,120,300,600,900,1800,3600,7200" -PlogPath="November2/discrete/density=LOW_nInventory=10_nHours=3_seed=8.json/mip.log"
Command failed with return code: 1
Error: 
FAILURE: Build failed with an exception.

* What went wrong:
Execution failed for task ':runMipSolver'.
> Process 'command '/cta/users/erhun.kundakcioglu/jdk-21.0.3+9/bin/java'' finished with non-zero exit value 1

* Try:
> Run with --stacktrace option to get the stack trace.
> Run with --info or --debug option to get more log output.
> Run with --scan to get full insights.
> Get more help at https://help.gradle.org.

BUİLD FAILED in 4s

> Task :compileJava UP-TO-DATE
> Task :processResources NO-SOURCE
> Task :classes UP-TO-DATE

> Task :runMipSolver
Running MIP Solver with arguments: --instancePath=instances/density=LOW_nInventory=10_nHours=3_seed=8.json --outputPath=November2/discrete --modelType=Discrete --checkPointTimes=30,60,120,300,600,900,1800,3600,7200 --logPath=November2/discrete/density=LOW_nInventory=10_nHours=3_seed=8.json/mip.log
Loading problem instance...
Set parameter WLSAccessID
Set parameter WLSSecret
Set parameter LicenseID to value 2736771

> Task :runMipSolver FAILED
2 actionable tasks: 1 executed, 1 up-to-date

Command 23 FAILED (Duration: 4.71s)

[24/33] Starting command 24...
Executing: ./gradlew runMipSolver -PinstancePath="instances/density=MEDIUM_nInventory=10_nHours=3_seed=5.json" -PoutputPath="November2/discrete" -PmodelType="Discrete" -PcheckPointTimes="30,60,120,300,600,900,1800,3600,7200" -PlogPath="November2/discrete/density=MEDIUM_nInventory=10_nHours=3_seed=5.json/mip.log"
Command failed with return code: 1
Error: 
FAILURE: Build failed with an exception.

* What went wrong:
Execution failed for task ':runMipSolver'.
> Process 'command '/cta/users/erhun.kundakcioglu/jdk-21.0.3+9/bin/java'' finished with non-zero exit value 1

* Try:
> Run with --stacktrace option to get the stack trace.
> Run with --info or --debug option to get more log output.
> Run with --scan to get full insights.
> Get more help at https://help.gradle.org.

BUİLD FAILED in 12s

Starting a Gradle Daemon, 4 busy and 1 incompatible and 23 stopped Daemons could not be reused, use --status for details
> Task :compileJava UP-TO-DATE
> Task :processResources NO-SOURCE
> Task :classes UP-TO-DATE

> Task :runMipSolver
Running MIP Solver with arguments: --instancePath=instances/density=MEDIUM_nInventory=10_nHours=3_seed=5.json --outputPath=November2/discrete --modelType=Discrete --checkPointTimes=30,60,120,300,600,900,1800,3600,7200 --logPath=November2/discrete/density=MEDIUM_nInventory=10_nHours=3_seed=5.json/mip.log
Loading problem instance...
Set parameter WLSAccessID
Set parameter WLSSecret
Set parameter LicenseID to value 2736771

> Task :runMipSolver FAILED
2 actionable tasks: 1 executed, 1 up-to-date

Command 24 FAILED (Duration: 12.70s)

[25/33] Starting command 25...
Executing: ./gradlew runMipSolver -PinstancePath="instances/density=HIGH_nInventory=10_nHours=3_seed=1.json" -PoutputPath="November2/discrete" -PmodelType="Discrete" -PcheckPointTimes="30,60,120,300,600,900,1800,3600,7200" -PlogPath="November2/discrete/density=HIGH_nInventory=10_nHours=3_seed=1.json/mip.log"
Command failed with return code: 1
Error: 
FAILURE: Build failed with an exception.

* What went wrong:
Execution failed for task ':runMipSolver'.
> Process 'command '/cta/users/erhun.kundakcioglu/jdk-21.0.3+9/bin/java'' finished with non-zero exit value 1

* Try:
> Run with --stacktrace option to get the stack trace.
> Run with --info or --debug option to get more log output.
> Run with --scan to get full insights.
> Get more help at https://help.gradle.org.

BUİLD FAILED in 4s

> Task :compileJava UP-TO-DATE
> Task :processResources NO-SOURCE
> Task :classes UP-TO-DATE

> Task :runMipSolver
Running MIP Solver with arguments: --instancePath=instances/density=HIGH_nInventory=10_nHours=3_seed=1.json --outputPath=November2/discrete --modelType=Discrete --checkPointTimes=30,60,120,300,600,900,1800,3600,7200 --logPath=November2/discrete/density=HIGH_nInventory=10_nHours=3_seed=1.json/mip.log
Loading problem instance...
Set parameter WLSAccessID
Set parameter WLSSecret
Set parameter LicenseID to value 2736771

> Task :runMipSolver FAILED
2 actionable tasks: 1 executed, 1 up-to-date

Command 25 FAILED (Duration: 4.78s)

[26/33] Starting command 26...
Executing: ./gradlew runMipSolver -PinstancePath="instances/density=LOW_nInventory=15_nHours=4_seed=7.json" -PoutputPath="November2/discrete" -PmodelType="Discrete" -PcheckPointTimes="30,60,120,300,600,900,1800,3600,7200" -PlogPath="November2/discrete/density=LOW_nInventory=15_nHours=4_seed=7.json/mip.log"
Command failed with return code: 1
Error: 
FAILURE: Build failed with an exception.

* What went wrong:
Execution failed for task ':runMipSolver'.
> Process 'command '/cta/users/erhun.kundakcioglu/jdk-21.0.3+9/bin/java'' finished with non-zero exit value 1

* Try:
> Run with --stacktrace option to get the stack trace.
> Run with --info or --debug option to get more log output.
> Run with --scan to get full insights.
> Get more help at https://help.gradle.org.

BUİLD FAILED in 4s

> Task :compileJava UP-TO-DATE
> Task :processResources NO-SOURCE
> Task :classes UP-TO-DATE

> Task :runMipSolver
Running MIP Solver with arguments: --instancePath=instances/density=LOW_nInventory=15_nHours=4_seed=7.json --outputPath=November2/discrete --modelType=Discrete --checkPointTimes=30,60,120,300,600,900,1800,3600,7200 --logPath=November2/discrete/density=LOW_nInventory=15_nHours=4_seed=7.json/mip.log
Loading problem instance...
Set parameter WLSAccessID
Set parameter WLSSecret
Set parameter LicenseID to value 2736771

> Task :runMipSolver FAILED
2 actionable tasks: 1 executed, 1 up-to-date

Command 26 FAILED (Duration: 5.03s)

[27/33] Starting command 27...
Executing: ./gradlew runMipSolver -PinstancePath="instances/density=MEDIUM_nInventory=20_nHours=5_seed=10.json" -PoutputPath="November2/discrete" -PmodelType="Discrete" -PcheckPointTimes="30,60,120,300,600,900,1800,3600,7200" -PlogPath="November2/discrete/density=MEDIUM_nInventory=20_nHours=5_seed=10.json/mip.log"
Command failed with return code: 1
Error: 
FAILURE: Build failed with an exception.

* What went wrong:
Execution failed for task ':runMipSolver'.
> Process 'command '/cta/users/erhun.kundakcioglu/jdk-21.0.3+9/bin/java'' finished with non-zero exit value 1

* Try:
> Run with --stacktrace option to get the stack trace.
> Run with --info or --debug option to get more log output.
> Run with --scan to get full insights.
> Get more help at https://help.gradle.org.

BUİLD FAILED in 4s

> Task :compileJava UP-TO-DATE
> Task :processResources NO-SOURCE
> Task :classes UP-TO-DATE

> Task :runMipSolver
Running MIP Solver with arguments: --instancePath=instances/density=MEDIUM_nInventory=20_nHours=5_seed=10.json --outputPath=November2/discrete --modelType=Discrete --checkPointTimes=30,60,120,300,600,900,1800,3600,7200 --logPath=November2/discrete/density=MEDIUM_nInventory=20_nHours=5_seed=10.json/mip.log
Loading problem instance...
Set parameter WLSAccessID
Set parameter WLSSecret
Set parameter LicenseID to value 2736771

> Task :runMipSolver FAILED
2 actionable tasks: 1 executed, 1 up-to-date

Command 27 FAILED (Duration: 4.90s)

[28/33] Starting command 28...
Executing: ./gradlew runMipSolver -PinstancePath="instances/density=HIGH_nInventory=20_nHours=5_seed=2.json" -PoutputPath="November2/discrete" -PmodelType="Discrete" -PcheckPointTimes="30,60,120,300,600,900,1800,3600,7200" -PlogPath="November2/discrete/density=HIGH_nInventory=20_nHours=5_seed=2.json/mip.log"
Command failed with return code: 1
Error: 
FAILURE: Build failed with an exception.

* What went wrong:
Execution failed for task ':runMipSolver'.
> Process 'command '/cta/users/erhun.kundakcioglu/jdk-21.0.3+9/bin/java'' finished with non-zero exit value 1

* Try:
> Run with --stacktrace option to get the stack trace.
> Run with --info or --debug option to get more log output.
> Run with --scan to get full insights.
> Get more help at https://help.gradle.org.

BUİLD FAILED in 4s

> Task :compileJava UP-TO-DATE
> Task :processResources NO-SOURCE
> Task :classes UP-TO-DATE

> Task :runMipSolver
Running MIP Solver with arguments: --instancePath=instances/density=HIGH_nInventory=20_nHours=5_seed=2.json --outputPath=November2/discrete --modelType=Discrete --checkPointTimes=30,60,120,300,600,900,1800,3600,7200 --logPath=November2/discrete/density=HIGH_nInventory=20_nHours=5_seed=2.json/mip.log
Loading problem instance...
Set parameter WLSAccessID
Set parameter WLSSecret
Set parameter LicenseID to value 2736771

> Task :runMipSolver FAILED
2 actionable tasks: 1 executed, 1 up-to-date

Command 28 FAILED (Duration: 5.00s)

[29/33] Starting command 29...
Executing: ./gradlew runMipSolver -PinstancePath="instances/density=LOW_nInventory=20_nHours=5_seed=7.json" -PoutputPath="November2/discrete" -PmodelType="Discrete" -PcheckPointTimes="30,60,120,300,600,900,1800,3600,7200" -PlogPath="November2/discrete/density=LOW_nInventory=20_nHours=5_seed=7.json/mip.log"
Command failed with return code: 1
Error: 
FAILURE: Build failed with an exception.

* What went wrong:
Execution failed for task ':runMipSolver'.
> Process 'command '/cta/users/erhun.kundakcioglu/jdk-21.0.3+9/bin/java'' finished with non-zero exit value 1

* Try:
> Run with --stacktrace option to get the stack trace.
> Run with --info or --debug option to get more log output.
> Run with --scan to get full insights.
> Get more help at https://help.gradle.org.

BUİLD FAILED in 4s

> Task :compileJava UP-TO-DATE
> Task :processResources NO-SOURCE
> Task :classes UP-TO-DATE

> Task :runMipSolver
Running MIP Solver with arguments: --instancePath=instances/density=LOW_nInventory=20_nHours=5_seed=7.json --outputPath=November2/discrete --modelType=Discrete --checkPointTimes=30,60,120,300,600,900,1800,3600,7200 --logPath=November2/discrete/density=LOW_nInventory=20_nHours=5_seed=7.json/mip.log
Loading problem instance...
Set parameter WLSAccessID
Set parameter WLSSecret
Set parameter LicenseID to value 2736771

> Task :runMipSolver FAILED
2 actionable tasks: 1 executed, 1 up-to-date

Command 29 FAILED (Duration: 4.67s)

[30/33] Starting command 30...
Executing: ./gradlew runMipSolver -PinstancePath="instances/density=LOW_nInventory=15_nHours=4_seed=10.json" -PoutputPath="November2/discrete" -PmodelType="Discrete" -PcheckPointTimes="30,60,120,300,600,900,1800,3600,7200" -PlogPath="November2/discrete/density=LOW_nInventory=15_nHours=4_seed=10.json/mip.log"
Command failed with return code: 1
Error: 
FAILURE: Build failed with an exception.

* What went wrong:
Execution failed for task ':runMipSolver'.
> Process 'command '/cta/users/erhun.kundakcioglu/jdk-21.0.3+9/bin/java'' finished with non-zero exit value 1

* Try:
> Run with --stacktrace option to get the stack trace.
> Run with --info or --debug option to get more log output.
> Run with --scan to get full insights.
> Get more help at https://help.gradle.org.

BUİLD FAILED in 4s

> Task :compileJava UP-TO-DATE
> Task :processResources NO-SOURCE
> Task :classes UP-TO-DATE

> Task :runMipSolver
Running MIP Solver with arguments: --instancePath=instances/density=LOW_nInventory=15_nHours=4_seed=10.json --outputPath=November2/discrete --modelType=Discrete --checkPointTimes=30,60,120,300,600,900,1800,3600,7200 --logPath=November2/discrete/density=LOW_nInventory=15_nHours=4_seed=10.json/mip.log
Loading problem instance...
Set parameter WLSAccessID
Set parameter WLSSecret
Set parameter LicenseID to value 2736771

> Task :runMipSolver FAILED
2 actionable tasks: 1 executed, 1 up-to-date

Command 30 FAILED (Duration: 5.02s)

[31/33] Starting command 31...
Executing: ./gradlew runMipSolver -PinstancePath="instances/density=HIGH_nInventory=15_nHours=4_seed=2.json" -PoutputPath="November2/discrete" -PmodelType="Discrete" -PcheckPointTimes="30,60,120,300,600,900,1800,3600,7200" -PlogPath="November2/discrete/density=HIGH_nInventory=15_nHours=4_seed=2.json/mip.log"
Command failed with return code: 1
Error: 
FAILURE: Build failed with an exception.

* What went wrong:
Execution failed for task ':runMipSolver'.
> Process 'command '/cta/users/erhun.kundakcioglu/jdk-21.0.3+9/bin/java'' finished with non-zero exit value 1

* Try:
> Run with --stacktrace option to get the stack trace.
> Run with --info or --debug option to get more log output.
> Run with --scan to get full insights.
> Get more help at https://help.gradle.org.

BUİLD FAILED in 4s

> Task :compileJava UP-TO-DATE
> Task :processResources NO-SOURCE
> Task :classes UP-TO-DATE

> Task :runMipSolver
Running MIP Solver with arguments: --instancePath=instances/density=HIGH_nInventory=15_nHours=4_seed=2.json --outputPath=November2/discrete --modelType=Discrete --checkPointTimes=30,60,120,300,600,900,1800,3600,7200 --logPath=November2/discrete/density=HIGH_nInventory=15_nHours=4_seed=2.json/mip.log
Loading problem instance...
Set parameter WLSAccessID
Set parameter WLSSecret
Set parameter LicenseID to value 2736771

> Task :runMipSolver FAILED
2 actionable tasks: 1 executed, 1 up-to-date

Command 31 FAILED (Duration: 4.80s)

[32/33] Starting command 32...
Executing: ./gradlew runMipSolver -PinstancePath="instances/9.json" -PoutputPath="November2/discrete" -PmodelType="Discrete" -PcheckPointTimes="30,60,120,300,600,900,1800,3600,7200" -PlogPath="November2/discrete/9.json/mip.log"
Command failed with return code: 1
Error: 
FAILURE: Build failed with an exception.

* What went wrong:
Execution failed for task ':runMipSolver'.
> Process 'command '/cta/users/erhun.kundakcioglu/jdk-21.0.3+9/bin/java'' finished with non-zero exit value 1

* Try:
> Run with --stacktrace option to get the stack trace.
> Run with --info or --debug option to get more log output.
> Run with --scan to get full insights.
> Get more help at https://help.gradle.org.

BUİLD FAILED in 4s

> Task :compileJava UP-TO-DATE
> Task :processResources NO-SOURCE
> Task :classes UP-TO-DATE

> Task :runMipSolver
Running MIP Solver with arguments: --instancePath=instances/9.json --outputPath=November2/discrete --modelType=Discrete --checkPointTimes=30,60,120,300,600,900,1800,3600,7200 --logPath=November2/discrete/9.json/mip.log
Loading problem instance...
Set parameter WLSAccessID
Set parameter WLSSecret
Set parameter LicenseID to value 2736771

> Task :runMipSolver FAILED
2 actionable tasks: 1 executed, 1 up-to-date

Command 32 FAILED (Duration: 5.00s)

[33/33] Starting command 33...
Executing: ./gradlew runMipSolver -PinstancePath="instances/density=LOW_nInventory=10_nHours=3_seed=4.json" -PoutputPath="November2/discrete" -PmodelType="Discrete" -PcheckPointTimes="30,60,120,300,600,900,1800,3600,7200" -PlogPath="November2/discrete/density=LOW_nInventory=10_nHours=3_seed=4.json/mip.log"
Command failed with return code: 1
Error: 
FAILURE: Build failed with an exception.

* What went wrong:
Execution failed for task ':runMipSolver'.
> Process 'command '/cta/users/erhun.kundakcioglu/jdk-21.0.3+9/bin/java'' finished with non-zero exit value 1

* Try:
> Run with --stacktrace option to get the stack trace.
> Run with --info or --debug option to get more log output.
> Run with --scan to get full insights.
> Get more help at https://help.gradle.org.

BUİLD FAILED in 4s

> Task :compileJava UP-TO-DATE
> Task :processResources NO-SOURCE
> Task :classes UP-TO-DATE

> Task :runMipSolver
Running MIP Solver with arguments: --instancePath=instances/density=LOW_nInventory=10_nHours=3_seed=4.json --outputPath=November2/discrete --modelType=Discrete --checkPointTimes=30,60,120,300,600,900,1800,3600,7200 --logPath=November2/discrete/density=LOW_nInventory=10_nHours=3_seed=4.json/mip.log
Loading problem instance...
Set parameter WLSAccessID
Set parameter WLSSecret
Set parameter LicenseID to value 2736771

> Task :runMipSolver FAILED
2 actionable tasks: 1 executed, 1 up-to-date

Command 33 FAILED (Duration: 4.82s)

================================================================================
Execution Summary:
Total commands: 33
Executed: 33
Successful: 0
Failed: 33
Total duration: 3843.63s
Average duration per command: 116.47s
[INFO] Done.
[INFO] SLURM job 152940 finished at Sun Nov 30 10:47:27 +03 2025

=== HUMAN SUMMARY ===
CPU: 2.10GHZ Intel(R) Xeon(R) Gold 6130 CPU @ 2.10GHz (32-logical)  RAM: 251Gi  GPU: none

