=== SLURM JOB SUMMARY ===
Job ID:        154273
Job Name:      runsh_cpu_full
Partition:     longer_mdbf
Node(s):       cn01
Exclusive:     yes
Mem request:   all-node (--mem=0)

=== SLURM NODE DETAIL (scheduler view) ===
NodeName=cn01
CoresPerSocket=10
CPUTot=20
RealMemory=232098
Sockets=2
ThreadsPerCore=1

=== OS VIEW (on allocated node) ===
Mimari:                         x86_64
İşlemci işlem-kipi:             32-bit, 64-bit
Bayt Sıralaması:                Little Endian
İşlemciler:                     20
Çevrimiçi işlemci(ler) listesi: 0-19
Çekirdek başına iş parçacığı:   1
Soket başına çekirdek:          10
Soket(ler):                     2
NUMA düğümü(leri):              2
Sağlayıcı Kimliği:              GenuineIntel
İşlemci ailesi:                 6
Model:                          62
Modem ismi:                     Intel(R) Xeon(R) CPU E5-2680 v2 @ 2.80GHz
Adımlama:                       4
İşlemci MHz:                    2800.000
İşlemci en yüksek MHz:          2800,0000
İşlemci asgari MHz:             1200,0000
BogoMIPS:                       5599.93
Sanallaştırma:                  VT-x
L1d önbelleği:                  32K
L1i önbelleği:                  32K
L2 önbelleği:                   256K
L3 önbelleği:                   25600K
NUMA düğüm0 işlemci:            0-9
NUMA düğüm1 işlemci:            10-19
Bayraklar:                      fpu vme de pse tsc msr pae mce cx8 apic sep mtrr pge mca cmov pat pse36 clflush dts acpi mmx fxsr sse sse2 ss ht tm pbe syscall nx pdpe1gb rdtscp lm constant_tsc arch_perfmon pebs bts rep_good nopl xtopology nonstop_tsc cpuid aperfmperf pni pclmulqdq dtes64 monitor ds_cpl vmx smx est tm2 ssse3 cx16 xtpr pdcm pcid dca sse4_1 sse4_2 x2apic popcnt tsc_deadline_timer aes xsave avx f16c rdrand lahf_lm cpuid_fault epb pti intel_ppin ssbd ibrs ibpb stibp tpr_shadow vnmi flexpriority ept vpid fsgsbase smep erms xsaveopt dtherm arat pln pts md_clear flush_l1d

              total        used        free      shared  buff/cache   available
Mem:          251Gi       1,1Gi       239Gi        10Gi        10Gi       238Gi
Swap:            0B          0B          0B

available: 2 nodes (0-1)
node 0 cpus: 0 1 2 3 4 5 6 7 8 9
node 0 size: 128910 MB
node 0 free: 121415 MB
node 1 cpus: 10 11 12 13 14 15 16 17 18 19
node 1 size: 128976 MB
node 1 free: 124318 MB
node distances:
node   0   1 
  0:  10  20 
  1:  20  10 

[INFO] SLURM job 154273 starting on cn01 at Pzt Ara 22 12:57:40 +03 2025
[INFO] Launching run.sh with index 1 using 19 CPU threads
[INFO] Project root: /cta/users/ulvi.findik/TVCommercialScheduling
[INFO] Command index: 1
[INFO] Command file: commands/run_commands_1.txt
[INFO] Base Python: /cta/capps/python/3.11.7/gcc/13.2.0/drtq5ks/bin/python3
[INFO] Virtualenv directory: /tmp/venv_ulvi.findik_154273_1
[INFO] Creating virtualenv...
[INFO] Using Python from venv: /tmp/venv_ulvi.findik_154273_1/bin/python
[INFO] Installing dependencies from requirements.txt...
Collecting PyYAML==6.0.3 (from -r /cta/users/ulvi.findik/TVCommercialScheduling/requirements.txt (line 1))
  Using cached pyyaml-6.0.3-cp311-cp311-manylinux2014_x86_64.manylinux_2_17_x86_64.manylinux_2_28_x86_64.whl.metadata (2.4 kB)
Using cached pyyaml-6.0.3-cp311-cp311-manylinux2014_x86_64.manylinux_2_17_x86_64.manylinux_2_28_x86_64.whl (806 kB)
Installing collected packages: PyYAML
Successfully installed PyYAML-6.0.3
[INFO] Running: python run.py "commands/run_commands_1.txt"
